#
# A fatal error has been detected by the Java Runtime Environment:
#
#  SIGSEGV (0xb) at pc=0x0000000113b857b3, pid=94543, tid=259
#
# JRE version: OpenJDK Runtime Environment Temurin-17.0.1+12 (17.0.1+12) (build 17.0.1+12)
# Java VM: OpenJDK 64-Bit Server VM Temurin-17.0.1+12 (17.0.1+12, mixed mode, tiered, compressed oops, compressed class ptrs, g1 gc, bsd-amd64)
# Problematic frame:
# V  [libjvm.dylib+0xa5c7b3]  _ZN16SystemDictionary17check_constraintsEjP13InstanceKlass6HandlebP10JavaThread+0xd3
#
# No core dump will be written. Core dumps have been disabled. To enable core dumping, try "ulimit -c unlimited" before starting Java again
#
# If you would like to submit a bug report, please visit:
#   https://github.com/adoptium/adoptium-support/issues
#

---------------  S U M M A R Y ------------

Command Line: --add-opens=calc.ui/ui=ALL-UNNAMED --add-exports=javafx.graphics/com.sun.javafx.application=ALL-UNNAMED --module-path=/Users/ulisman/Desktop/ITP/main/gr2224/discogolf/ui/target/classes:/Users/ulisman/Desktop/ITP/main/gr2224/discogolf/core/target/classes:/Users/ulisman/.m2/repository/com/fasterxml/jackson/core/jackson-core/2.14.0-rc1/jackson-core-2.14.0-rc1.jar:/Users/ulisman/.m2/repository/com/fasterxml/jackson/core/jackson-databind/2.14.0-rc1/jackson-databind-2.14.0-rc1.jar:/Users/ulisman/.m2/repository/com/fasterxml/jackson/core/jackson-annotations/2.14.0-rc1/jackson-annotations-2.14.0-rc1.jar:/Users/ulisman/Desktop/ITP/main/gr2224/discogolf/fxutil/target/classes:/Users/ulisman/.m2/repository/org/openjfx/javafx-controls/16/javafx-controls-16-mac.jar:/Users/ulisman/.m2/repository/org/openjfx/javafx-graphics/16/javafx-graphics-16-mac.jar:/Users/ulisman/.m2/repository/org/openjfx/javafx-base/16/javafx-base-16-mac.jar:/Users/ulisman/.m2/repository/org/openjfx/javafx-fxml/16/javafx-fxml-16-mac.jar --patch-module=calc.ui=/Users/ulisman/Desktop/ITP/main/gr2224/discogolf/ui/target/test-classes --add-exports=calc.ui/ui=ALL-UNNAMED --add-modules=calc.ui --add-reads=calc.ui=ALL-UNNAMED org.apache.maven.surefire.booter.ForkedBooter /Users/ulisman/Desktop/ITP/main/gr2224/discogolf/ui/target/surefire 2022-10-13T15-30-54_942-jvmRun1 surefire6231850143447089076tmp surefire_11752542459335648875tmp

Host: "MacBookAir7,2" x86_64 1800 MHz, 4 cores, 8G, Darwin 21.6.0, macOS 10.16 (21G83)
Time: Thu Oct 13 15:31:05 2022 CEST elapsed time: 5.266031 seconds (0d 0h 0m 5s)

---------------  T H R E A D  ---------------

Current thread (0x00007f85fe320400):  JavaThread "JavaFX Application Thread" [_thread_in_vm, id=259, stack(0x00007ff7afe6d000,0x00007ff7b066d000)]

Stack: [0x00007ff7afe6d000,0x00007ff7b066d000],  sp=0x00007ff7b0668600,  free space=8173k
Native frames: (J=compiled Java code, j=interpreted, Vv=VM code, C=native code)
V  [libjvm.dylib+0xa5c7b3]  _ZN16SystemDictionary17check_constraintsEjP13InstanceKlass6HandlebP10JavaThread+0xd3
V  [libjvm.dylib+0xa5aea0]  _ZN16SystemDictionary19load_instance_classEjP6Symbol6HandleP10JavaThread+0x90
V  [libjvm.dylib+0xa5a2e1]  _ZN16SystemDictionary30resolve_instance_class_or_nullEP6Symbol6HandleS2_P10JavaThread+0x521
V  [libjvm.dylib+0xa5989f]  _ZN16SystemDictionary15resolve_or_failEP6Symbol6HandleS2_bP10JavaThread+0x6f
V  [libjvm.dylib+0x351614]  _ZN12ConstantPool13klass_at_implERK18constantPoolHandleiP10JavaThread+0x1b4
V  [libjvm.dylib+0x50f35a]  _ZN18InterpreterRuntime4_newEP10JavaThreadP12ConstantPooli+0x6a
j  javafx.scene.input.MouseEvent.<init>(Ljava/lang/Object;Ljavafx/event/EventTarget;Ljavafx/event/EventType;DDDDLjavafx/scene/input/MouseButton;IZZZZZZZZZZZZLjavafx/scene/input/PickResult;)V+8 javafx.graphics
j  javafx.scene.input.MouseEvent.<init>(Ljavafx/event/EventType;DDDDLjavafx/scene/input/MouseButton;IZZZZZZZZZZZZLjavafx/scene/input/PickResult;)V+41 javafx.graphics
j  javafx.scene.Scene$ScenePeerListener.mouseEvent(Ljavafx/event/EventType;DDDDLjavafx/scene/input/MouseButton;ZZZZZZZZZZZ)V+39 javafx.graphics
j  com.sun.javafx.tk.quantum.GlassViewEventHandler$MouseEventNotification.run()Ljava/lang/Void;+650 javafx.graphics
j  com.sun.javafx.tk.quantum.GlassViewEventHandler$MouseEventNotification.run()Ljava/lang/Object;+1 javafx.graphics
J 2219 c1 java.security.AccessController.executePrivileged(Ljava/security/PrivilegedAction;Ljava/security/AccessControlContext;Ljava/lang/Class;)Ljava/lang/Object; java.base@17.0.1 (65 bytes) @ 0x0000000120fe88b4 [0x0000000120fe8760+0x0000000000000154]
j  java.security.AccessController.doPrivileged(Ljava/security/PrivilegedAction;Ljava/security/AccessControlContext;)Ljava/lang/Object;+13 java.base@17.0.1
j  com.sun.javafx.tk.quantum.GlassViewEventHandler.lambda$handleMouseEvent$2()Ljava/lang/Void;+11 javafx.graphics
j  com.sun.javafx.tk.quantum.GlassViewEventHandler$$Lambda$974+0x00000007c03db0b8.get()Ljava/lang/Object;+4 javafx.graphics
j  com.sun.javafx.tk.quantum.QuantumToolkit.runWithoutRenderLock(Ljava/util/function/Supplier;)Ljava/lang/Object;+18 javafx.graphics
j  com.sun.javafx.tk.quantum.GlassViewEventHandler.handleMouseEvent(Lcom/sun/glass/ui/View;JIIIIIIIZZ)V+103 javafx.graphics
j  com.sun.glass.ui.View.handleMouseEvent(JIIIIIIIZZ)V+30 javafx.graphics
j  com.sun.glass.ui.View.notifyMouse(IIIIIIIZZ)V+181 javafx.graphics
j  com.sun.glass.ui.mac.MacView.notifyMouse(IIIIIIIZZ)V+96 javafx.graphics
v  ~StubRoutines::call_stub
V  [libjvm.dylib+0x519896]  _ZN9JavaCalls11call_helperEP9JavaValueRK12methodHandleP17JavaCallArgumentsP10JavaThread+0x2b6
V  [libjvm.dylib+0x5749a5]  _ZL20jni_invoke_nonstaticP7JNIEnv_P9JavaValueP8_jobject11JNICallTypeP10_jmethodIDP18JNI_ArgumentPusherP10JavaThread+0x2d5
V  [libjvm.dylib+0x578f00]  jni_CallVoidMethod+0x1a0
C  [libglass.dylib+0xe5e9]  -[GlassViewDelegate sendJavaMouseEvent:]+0xb19
C  [AppKit+0x236fad]  -[NSTrackingArea _dispatchMouseEntered:]+0x92
C  [AppKit+0x1ae65f]  -[NSApplication(NSEvent) sendEvent:]+0x29b
C  [AppKit+0x46718b]  -[NSApplication _handleEvent:]+0x41
C  [AppKit+0x2fd3e]  -[NSApplication run]+0x26f
C  [libglass.dylib+0xaf60]  -[GlassApplication runLoop:]+0x750
C  [Foundation+0x814f7]  __NSThreadPerformPerform+0xb3
C  [CoreFoundation+0x801ab]  __CFRUNLOOP_IS_CALLING_OUT_TO_A_SOURCE0_PERFORM_FUNCTION__+0x11
C  [CoreFoundation+0x80113]  __CFRunLoopDoSource0+0xb4
C  [CoreFoundation+0x7fe8d]  __CFRunLoopDoSources0+0xf2
C  [CoreFoundation+0x7e8a8]  __CFRunLoopRun+0x37c
C  [CoreFoundation+0x7de6c]  CFRunLoopRunSpecific+0x232
C  [libjli.dylib+0x6e82]  CreateExecutionEnvironment+0x192
C  [libjli.dylib+0x26a8]  JLI_Launch+0x5d8
C  [java+0xc0e]  main+0x19e
C  0x0000000118bc252e

Java frames: (J=compiled Java code, j=interpreted, Vv=VM code)
j  javafx.scene.input.MouseEvent.<init>(Ljava/lang/Object;Ljavafx/event/EventTarget;Ljavafx/event/EventType;DDDDLjavafx/scene/input/MouseButton;IZZZZZZZZZZZZLjavafx/scene/input/PickResult;)V+8 javafx.graphics
j  javafx.scene.input.MouseEvent.<init>(Ljavafx/event/EventType;DDDDLjavafx/scene/input/MouseButton;IZZZZZZZZZZZZLjavafx/scene/input/PickResult;)V+41 javafx.graphics
j  javafx.scene.Scene$ScenePeerListener.mouseEvent(Ljavafx/event/EventType;DDDDLjavafx/scene/input/MouseButton;ZZZZZZZZZZZ)V+39 javafx.graphics
j  com.sun.javafx.tk.quantum.GlassViewEventHandler$MouseEventNotification.run()Ljava/lang/Void;+650 javafx.graphics
j  com.sun.javafx.tk.quantum.GlassViewEventHandler$MouseEventNotification.run()Ljava/lang/Object;+1 javafx.graphics
J 2219 c1 java.security.AccessController.executePrivileged(Ljava/security/PrivilegedAction;Ljava/security/AccessControlContext;Ljava/lang/Class;)Ljava/lang/Object; java.base@17.0.1 (65 bytes) @ 0x0000000120fe88b4 [0x0000000120fe8760+0x0000000000000154]
j  java.security.AccessController.doPrivileged(Ljava/security/PrivilegedAction;Ljava/security/AccessControlContext;)Ljava/lang/Object;+13 java.base@17.0.1
j  com.sun.javafx.tk.quantum.GlassViewEventHandler.lambda$handleMouseEvent$2()Ljava/lang/Void;+11 javafx.graphics
j  com.sun.javafx.tk.quantum.GlassViewEventHandler$$Lambda$974+0x00000007c03db0b8.get()Ljava/lang/Object;+4 javafx.graphics
j  com.sun.javafx.tk.quantum.QuantumToolkit.runWithoutRenderLock(Ljava/util/function/Supplier;)Ljava/lang/Object;+18 javafx.graphics
j  com.sun.javafx.tk.quantum.GlassViewEventHandler.handleMouseEvent(Lcom/sun/glass/ui/View;JIIIIIIIZZ)V+103 javafx.graphics
j  com.sun.glass.ui.View.handleMouseEvent(JIIIIIIIZZ)V+30 javafx.graphics
j  com.sun.glass.ui.View.notifyMouse(IIIIIIIZZ)V+181 javafx.graphics
j  com.sun.glass.ui.mac.MacView.notifyMouse(IIIIIIIZZ)V+96 javafx.graphics
v  ~StubRoutines::call_stub

siginfo: si_signo: 11 (SIGSEGV), si_code: 0 (unknown), si_addr: 0x0000000000000000

Register to memory mapping:

RAX=0x0 is NULL
RBX=0x00007f85fed99da0 points into unknown readable memory: 0x616a00230f040003 | 03 00 04 0f 23 00 6a 61
RCX=0x0 is NULL
RDX=0x000000000090d01f is an unknown value
RSP=0x00007ff7b0668600 is pointing into the stack for thread: 0x00007f85fe320400
RBP=0x00007ff7b0668710 is pointing into the stack for thread: 0x00007f85fe320400
RSI=0x0000020000000202 is an unknown value
RDI=0x00007f85fcf15de0 points into unknown readable memory: 0x0000020000000202 | 02 02 00 00 00 02 00 00
R8 =0x00007f85fe320400 is a thread
R9 =0x00000000580dfb63 is an unknown value
R10=0x00000007c00acda0 is pointing into metadata
R11=0x0000000000000298 is an unknown value
R12=0xe83527b900000000 is an unknown value
R13=0x00000007c03db2e0 is a pointer to class: 
javafx.scene.input.MouseEvent$Flags {0x00000007c03db2e0}
 - instance size:     2
 - klass size:        66
 - access:            synchronized 
 - state:             loaded
 - name:              'javafx/scene/input/MouseEvent$Flags'
 - super:             'java/lang/Object'
 - sub:               
 - arrays:            NULL
 - methods:           Array<T>(0x0000000138866cc0)
 - method ordering:   Array<T>(0x0000000131800018)
 - default_methods:   Array<T>(0x0000000000000000)
 - local interfaces:  Array<T>(0x0000000138866c98)
 - trans. interfaces: Array<T>(0x0000000138866c98)
 - constants:         constant pool [35] {0x0000000138866b08} for 'javafx/scene/input/MouseEvent$Flags'
 - class loader data:  loader data: 0x00007f85fd860af0 for instance a 'jdk/internal/loader/ClassLoaders$AppClassLoader'{0x00000007402009b0}
 - source file:       'MouseEvent.java'
 - class annotations:       Array<T>(0x0000000000000000)
 - class type annotations:  Array<T>(0x0000000000000000)
 - field annotations:       Array<T>(0x0000000000000000)
 - field type annotations:  Array<T>(0x0000000000000000)
 - inner classes:     Array<T>(0x0000000138866ec8)
 - nest members:     Array<T>(0x0000000131800028)
 - permitted subclasses:     Array<T>(0x0000000131800028)
 - java mirror:       a 'java/lang/Class'{0x0000000741a93ce0} = 'javafx/scene/input/MouseEvent$Flags'
 - vtable length      6  (start addr: 0x00000007c03db4b0)
 - itable length      2 (start addr: 0x00000007c03db4e0)
 - ---- static fields (0 words):
 - ---- non-static fields (1 words):
 - 'dragDetect' 'Z' @12 
 - non-static oop maps: 
R14=0x00007f85fcf15d40 points into unknown readable memory: 0x00007f85fe320400 | 00 04 32 fe 85 7f 00 00
R15=0x00007f85fe320400 is a thread


Registers:
RAX=0x0000000000000000, RBX=0x00007f85fed99da0, RCX=0x0000000000000000, RDX=0x000000000090d01f
RSP=0x00007ff7b0668600, RBP=0x00007ff7b0668710, RSI=0x0000020000000202, RDI=0x00007f85fcf15de0
R8 =0x00007f85fe320400, R9 =0x00000000580dfb63, R10=0x00000007c00acda0, R11=0x0000000000000298
R12=0xe83527b900000000, R13=0x00000007c03db2e0, R14=0x00007f85fcf15d40, R15=0x00007f85fe320400
RIP=0x0000000113b857b3, EFLAGS=0x0000000000010246, ERR=0x0000000000000000
  TRAPNO=0x000000000000000d

Top of Stack: (sp=0x00007ff7b0668600)
0x00007ff7b0668600:   00007f85fd8d7210 00007f85fd8d7290
0x00007ff7b0668610:   00007f85feec2954 00007f85feec23b0
0x00007ff7b0668620:   00007f85fd8d75f8 00007f85fcf15d40
0x00007ff7b0668630:   00000000000003d8 00000007c03db2e0
0x00007ff7b0668640:   00007f85feec2448 0000000013b85378
0x00007ff7b0668650:   00007f852f170f04 0000000113e320a8
0x00007ff7b0668660:   0000005000000000 0000000000000000
0x00007ff7b0668670:   0000000000000000 0000000000000000
0x00007ff7b0668680:   0000000000000000 0000000000000000
0x00007ff7b0668690:   00007ff7b06686a9 0000000000000000
0x00007ff7b06686a0:   0000000000000030 00007f85fcf20000
0x00007ff7b06686b0:   00007f85feec2954 00007f85feec2968
0x00007ff7b06686c0:   ffffffff00000000 00000000000003d8
0x00007ff7b06686d0:   857143561df6000a 00007f85feec23b0
0x00007ff7b06686e0:   857143561df6000a 0000000000000000
0x00007ff7b06686f0:   000000002f170f04 00007f85feec2448
0x00007ff7b0668700:   00000007c03db2e0 00007f85fe320400
0x00007ff7b0668710:   00007ff7b0668750 0000000113b83ea0
0x00007ff7b0668720:   0000000000000000 0000000000000000
0x00007ff7b0668730:   0000000000000000 0000000000000000
0x00007ff7b0668740:   000000002f170f04 00007f85feec2448
0x00007ff7b0668750:   00007ff7b0668860 0000000113b832e1
0x00007ff7b0668760:   00007ff7b0668830 00007f85fe320400
0x00007ff7b0668770:   00007f85feec23e0 00007f85feec2420
0x00007ff7b0668780:   00007f85feec2448 00007f85feec2508
0x00007ff7b0668790:   00000000000000d8 00007ff7b06693f0
0x00007ff7b06687a0:   00007f85fe320400 0000000000000000
0x00007ff7b06687b0:   00007f85fe320400 0000000000000000
0x00007ff7b06687c0:   0000000000000000 0000000000000000
0x00007ff7b06687d0:   0000000100000000 00007f8500000000
0x00007ff7b06687e0:   00007ff7b0668850 0000000120660410
0x00007ff7b06687f0:   00007f85feec2440 0000000120660410 

Instructions: (pc=0x0000000113b857b3)
0x0000000113b856b3:   ff ff 48 8b 55 d0 48 85 d2 75 cf eb d5 49 89 c4
0x0000000113b856c3:   48 8d bd 70 ff ff ff e8 a1 50 e8 ff 4d 85 e4 0f
0x0000000113b856d3:   85 58 ff ff ff e9 e6 fe ff ff 0f 1f 00 55 48 89
0x0000000113b856e3:   e5 41 57 41 56 41 55 41 54 53 48 81 ec e8 00 00
0x0000000113b856f3:   00 4d 89 c7 89 8d 3c ff ff ff 49 89 d6 48 89 f3
0x0000000113b85703:   89 bd 40 ff ff ff 48 8b 05 d8 5a 1f 00 48 8b 00
0x0000000113b85713:   48 89 45 d0 49 8b 80 30 02 00 00 0f 10 40 10 0f
0x0000000113b85723:   29 85 f0 fe ff ff 48 8b 48 20 48 89 8d 10 ff ff
0x0000000113b85733:   ff 48 89 85 08 ff ff ff 48 8b 40 28 48 89 85 20
0x0000000113b85743:   ff ff ff 48 8d bd 48 ff ff ff 31 f6 e8 0c 71 e5
0x0000000113b85753:   ff 49 89 dd 48 8b 5b 18 4d 85 f6 4c 89 b5 30 ff
0x0000000113b85763:   ff ff 74 21 49 8b 3e 48 85 ff 74 19 e8 dc 91 ac
0x0000000113b85773:   ff 49 89 c4 48 8d 05 52 55 31 00 4c 8b 30 4d 85
0x0000000113b85783:   f6 75 1b eb 24 48 8d 05 51 aa 2f 00 4c 8b 20 48
0x0000000113b85793:   8d 05 37 55 31 00 4c 8b 30 4d 85 f6 74 0b 4c 89
0x0000000113b857a3:   f7 4c 89 fe e8 c4 8b e1 ff 4c 89 b5 18 ff ff ff
0x0000000113b857b3:   49 8b 7c 24 58 8b b5 40 ff ff ff 48 89 da e8 0a
0x0000000113b857c3:   5f 97 ff 48 85 c0 4c 89 bd 28 ff ff ff 74 33 4c
0x0000000113b857d3:   89 eb 4c 39 e8 0f 85 4e 01 00 00 80 bd 3c ff ff
0x0000000113b857e3:   ff 00 0f 85 41 01 00 00 31 db 41 b5 01 48 8b bd
0x0000000113b857f3:   18 ff ff ff 48 85 ff 0f 85 e7 01 00 00 e9 e7 01
0x0000000113b85803:   00 00 48 8b 3d cc f2 33 00 4d 89 ee 4c 89 ee 4c
0x0000000113b85813:   8b bd 30 ff ff ff 4c 89 fa 48 89 9d 40 ff ff ff
0x0000000113b85823:   48 89 d9 e8 45 99 cd ff 45 31 ed bb 00 00 00 00
0x0000000113b85833:   84 c0 0f 85 a0 01 00 00 4c 89 e7 e8 5d 75 89 ff
0x0000000113b85843:   48 89 c1 48 8d 35 aa b7 19 00 4c 8d a5 48 ff ff
0x0000000113b85853:   ff 31 c0 4c 89 e7 48 89 ca e8 ff 5d e5 ff 4c 89
0x0000000113b85863:   f7 e8 27 2a ca ff 49 89 c5 4c 89 f7 e8 9c 0c ca
0x0000000113b85873:   ff 48 89 c1 48 8d 35 a0 b7 19 00 31 c0 4c 89 e7
0x0000000113b85883:   4c 89 ea e8 d5 5d e5 ff 48 8b 3d 46 f2 33 00 48
0x0000000113b85893:   8b b5 40 ff ff ff 4c 89 fa e8 9f 9a cd ff 48 85
0x0000000113b858a3:   c0 0f 84 02 01 00 00 49 89 c4 48 8b 80 98 00 00 


Stack slot to memory mapping:
stack at sp + 0 slots: 0x00007f85fd8d7210 points into unknown readable memory: 0x0000000000000000 | 00 00 00 00 00 00 00 00
stack at sp + 1 slots: 0x00007f85fd8d7290 points into unknown readable memory: 0x732e78666176616a | 6a 61 76 61 66 78 2e 73
stack at sp + 2 slots: 0x00007f85feec2954 points into unknown readable memory: 00 00 00 00
stack at sp + 3 slots: 0x00007f85feec23b0 points into unknown readable memory: 0x0000000000000002 | 02 00 00 00 00 00 00 00
stack at sp + 4 slots: 0x00007f85fd8d75f8 points into unknown readable memory: 0x0000000000000000 | 00 00 00 00 00 00 00 00
stack at sp + 5 slots: 0x00007f85fcf15d40 points into unknown readable memory: 0x00007f85fe320400 | 00 04 32 fe 85 7f 00 00
stack at sp + 6 slots: 0x00000000000003d8 is an unknown value
stack at sp + 7 slots: 0x00000007c03db2e0 is a pointer to class: 
javafx.scene.input.MouseEvent$Flags {0x00000007c03db2e0}
 - instance size:     2
 - klass size:        66
 - access:            synchronized 
 - state:             loaded
 - name:              'javafx/scene/input/MouseEvent$Flags'
 - super:             'java/lang/Object'
 - sub:               
 - arrays:            NULL
 - methods:           Array<T>(0x0000000138866cc0)
 - method ordering:   Array<T>(0x0000000131800018)
 - default_methods:   Array<T>(0x0000000000000000)
 - local interfaces:  Array<T>(0x0000000138866c98)
 - trans. interfaces: Array<T>(0x0000000138866c98)
 - constants:         constant pool [35] {0x0000000138866b08} for 'javafx/scene/input/MouseEvent$Flags'
 - class loader data:  loader data: 0x00007f85fd860af0 for instance a 'jdk/internal/loader/ClassLoaders$AppClassLoader'{0x00000007402009b0}
 - source file:       'MouseEvent.java'
 - class annotations:       Array<T>(0x0000000000000000)
 - class type annotations:  Array<T>(0x0000000000000000)
 - field annotations:       Array<T>(0x0000000000000000)
 - field type annotations:  Array<T>(0x0000000000000000)
 - inner classes:     Array<T>(0x0000000138866ec8)
 - nest members:     Array<T>(0x0000000131800028)
 - permitted subclasses:     Array<T>(0x0000000131800028)
 - java mirror:       a 'java/lang/Class'{0x0000000741a93ce0} = 'javafx/scene/input/MouseEvent$Flags'
 - vtable length      6  (start addr: 0x00000007c03db4b0)
 - itable length      2 (start addr: 0x00000007c03db4e0)
 - ---- static fields (0 words):
 - ---- non-static fields (1 words):
 - 'dragDetect' 'Z' @12 
 - non-static oop maps: 


---------------  P R O C E S S  ---------------

Threads class SMR info:
_java_thread_list=0x00007f8600108ee0, length=21, elements={
0x00007f85fd00d600, 0x00007f85fd0c5600, 0x00007f85fd0c5c00, 0x00007f85fd0c8800,
0x00007f85fd0cd400, 0x00007f85fd0cda00, 0x00007f85fd0ce000, 0x00007f85fe009400,
0x00007f85fe010800, 0x00007f85fd0ce600, 0x00007f85fe014a00, 0x00007f85fd00dc00,
0x00007f85fe2b0000, 0x00007f85fe2b0600, 0x00007f85fd601000, 0x00007f85fd644400,
0x00007f85fe320400, 0x00007f85fd6e6e00, 0x00007f85fe3c2400, 0x00007f85fd65e000,
0x00007f85fd0cec00
}

Java Threads: ( => current thread )
  0x00007f85fd00d600 JavaThread "main" [_thread_blocked, id=9731, stack(0x000070000444a000,0x000070000454a000)]
  0x00007f85fd0c5600 JavaThread "Reference Handler" daemon [_thread_blocked, id=14339, stack(0x0000700004b5f000,0x0000700004c5f000)]
  0x00007f85fd0c5c00 JavaThread "Finalizer" daemon [_thread_blocked, id=15619, stack(0x0000700004c62000,0x0000700004d62000)]
  0x00007f85fd0c8800 JavaThread "Signal Dispatcher" daemon [_thread_blocked, id=23555, stack(0x0000700004e6b000,0x0000700004f6b000)]
  0x00007f85fd0cd400 JavaThread "Service Thread" daemon [_thread_blocked, id=42499, stack(0x0000700004f6e000,0x000070000506e000)]
  0x00007f85fd0cda00 JavaThread "Monitor Deflation Thread" daemon [_thread_blocked, id=41987, stack(0x0000700005071000,0x0000700005171000)]
  0x00007f85fd0ce000 JavaThread "C2 CompilerThread0" daemon [_thread_blocked, id=41731, stack(0x0000700005174000,0x0000700005274000)]
  0x00007f85fe009400 JavaThread "C1 CompilerThread0" daemon [_thread_blocked, id=24067, stack(0x0000700005277000,0x0000700005377000)]
  0x00007f85fe010800 JavaThread "Sweeper thread" daemon [_thread_blocked, id=24323, stack(0x000070000537a000,0x000070000547a000)]
  0x00007f85fd0ce600 JavaThread "Common-Cleaner" daemon [_thread_blocked, id=40707, stack(0x000070000547d000,0x000070000557d000)]
  0x00007f85fe014a00 JavaThread "Notification Thread" daemon [_thread_blocked, id=40451, stack(0x0000700005580000,0x0000700005680000)]
  0x00007f85fd00dc00 JavaThread "surefire-forkedjvm-command-thread" daemon [_thread_in_native, id=26371, stack(0x000070000598c000,0x0000700005a8c000)]
  0x00007f85fe2b0000 JavaThread "testfx-async-pool-thread-1" daemon [_thread_blocked, id=27139, stack(0x0000700005b92000,0x0000700005c92000)]
  0x00007f85fe2b0600 JavaThread "JavaFX-Launcher" daemon [_thread_blocked, id=27651, stack(0x0000700005c95000,0x0000700005d95000)]
  0x00007f85fd601000 JavaThread "QuantumRenderer-0" daemon [_thread_blocked, id=39683, stack(0x0000700005d98000,0x0000700005e98000)]
  0x00007f85fd644400 JavaThread "InvokeLaterDispatcher" daemon [_thread_blocked, id=31239, stack(0x0000700005e9b000,0x0000700005f9b000)]
=>0x00007f85fe320400 JavaThread "JavaFX Application Thread" [_thread_in_vm, id=259, stack(0x00007ff7afe6d000,0x00007ff7b066d000)]
  0x00007f85fd6e6e00 JavaThread "testfx-async-pool-thread-2" daemon [_thread_blocked, id=51727, stack(0x000070000622a000,0x000070000632a000)]
  0x00007f85fe3c2400 JavaThread "PulseTimer-CVDisplayLink thread" daemon [_thread_in_native, id=76815, stack(0x0000700005f9e000,0x000070000601e000)]
  0x00007f85fd65e000 JavaThread "Prism Font Disposer" daemon [_thread_blocked, id=58891, stack(0x00007000063b0000,0x00007000064b0000)]
  0x00007f85fd0cec00 JavaThread "Cleaner-0" daemon [_thread_blocked, id=60167, stack(0x00007000064b3000,0x00007000065b3000)]

Other Threads:
  0x00007f85fd813870 VMThread "VM Thread" [stack: 0x0000700004a5c000,0x0000700004b5c000] [id=16131]
  0x00007f85fd899c80 WatcherThread [stack: 0x0000700005683000,0x0000700005783000] [id=25091]
  0x00007f85fcf2b320 GCTaskThread "GC Thread#0" [stack: 0x000070000454d000,0x000070000464d000] [id=19203]
  0x00007f85fcfde980 GCTaskThread "GC Thread#1" [stack: 0x0000700005786000,0x0000700005886000] [id=25603]
  0x00007f85fcfdf280 GCTaskThread "GC Thread#2" [stack: 0x0000700005889000,0x0000700005989000] [id=25859]
  0x00007f85fed7d0e0 GCTaskThread "GC Thread#3" [stack: 0x0000700005a8f000,0x0000700005b8f000] [id=26883]
  0x00007f85fcf2c170 ConcurrentGCThread "G1 Main Marker" [stack: 0x0000700004650000,0x0000700004750000] [id=18691]
  0x00007f85fcf2cf10 ConcurrentGCThread "G1 Conc#0" [stack: 0x0000700004753000,0x0000700004853000] [id=18179]
  0x00007f85fcf465e0 ConcurrentGCThread "G1 Refine#0" [stack: 0x0000700004856000,0x0000700004956000] [id=17667]
  0x00007f85fcf47340 ConcurrentGCThread "G1 Service" [stack: 0x0000700004959000,0x0000700004a59000] [id=17411]

Threads with active compile tasks:

VM state: not at safepoint (normal execution)

VM Mutex/Monitor currently owned by a thread:  ([mutex/lock_event])
[0x00007f85fcf15d40] SystemDictionary_lock - owner thread: 0x00007f85fe320400

Heap address: 0x0000000740000000, size: 2048 MB, Compressed Oops mode: Zero based, Oop shift amount: 3

CDS archive(s) not mapped
Compressed class space mapped at: 0x00000007c0000000-0x0000000800000000, reserved size: 1073741824
Narrow klass base: 0x0000000000000000, Narrow klass shift: 3, Narrow klass range: 0x800000000

GC Precious Log:
 CPUs: 4 total, 4 available
 Memory: 8192M
 Large Page Support: Disabled
 NUMA Support: Disabled
 Compressed Oops: Enabled (Zero based)
 Heap Region Size: 1M
 Heap Min Capacity: 8M
 Heap Initial Capacity: 128M
 Heap Max Capacity: 2G
 Pre-touch: Disabled
 Parallel Workers: 4
 Concurrent Workers: 1
 Concurrent Refinement Workers: 4
 Periodic GC: Disabled

Heap:
 garbage-first heap   total 41984K, used 23484K [0x0000000740000000, 0x00000007c0000000)
  region size 1024K, 15 young (15360K), 1 survivors (1024K)
 Metaspace       used 27852K, committed 28096K, reserved 1081344K
  class space    used 3785K, committed 3904K, reserved 1048576K

Heap Regions: E=young(eden), S=young(survivor), O=old, HS=humongous(starts), HC=humongous(continues), CS=collection set, F=free, OA=open archive, CA=closed archive, TAMS=top-at-mark-start (previous, next)
|   0|0x0000000740000000, 0x0000000740100000, 0x0000000740100000|100%| O|  |TAMS 0x0000000740100000, 0x0000000740000000| Untracked 
|   1|0x0000000740100000, 0x0000000740100000, 0x0000000740200000|  0%| F|  |TAMS 0x0000000740100000, 0x0000000740100000| Untracked 
|   2|0x0000000740200000, 0x0000000740300000, 0x0000000740300000|100%| O|  |TAMS 0x0000000740200000, 0x0000000740200000| Untracked 
|   3|0x0000000740300000, 0x0000000740400000, 0x0000000740400000|100%| O|  |TAMS 0x0000000740300000, 0x0000000740300000| Untracked 
|   4|0x0000000740400000, 0x0000000740500000, 0x0000000740500000|100%| O|  |TAMS 0x0000000740400000, 0x0000000740400000| Untracked 
|   5|0x0000000740500000, 0x0000000740600000, 0x0000000740600000|100%| O|  |TAMS 0x0000000740500000, 0x0000000740500000| Untracked 
|   6|0x0000000740600000, 0x0000000740700000, 0x0000000740700000|100%| O|  |TAMS 0x0000000740600000, 0x0000000740600000| Untracked 
|   7|0x0000000740700000, 0x0000000740800000, 0x0000000740800000|100%| O|  |TAMS 0x0000000740700000, 0x0000000740700000| Untracked 
|   8|0x0000000740800000, 0x0000000740900000, 0x0000000740900000|100%| O|  |TAMS 0x0000000740800000, 0x0000000740800000| Untracked 
|   9|0x0000000740900000, 0x00000007409c3800, 0x0000000740a00000| 76%| O|  |TAMS 0x0000000740900000, 0x0000000740900000| Untracked 
|  10|0x0000000740a00000, 0x0000000740b00000, 0x0000000740b00000|100%|HS|  |TAMS 0x0000000740a00000, 0x0000000740a00000| Complete 
|  11|0x0000000740b00000, 0x0000000740c00000, 0x0000000740c00000|100%|HC|  |TAMS 0x0000000740b00000, 0x0000000740b00000| Complete 
|  12|0x0000000740c00000, 0x0000000740c00000, 0x0000000740d00000|  0%| F|  |TAMS 0x0000000740c00000, 0x0000000740c00000| Untracked 
|  13|0x0000000740d00000, 0x0000000740d00000, 0x0000000740e00000|  0%| F|  |TAMS 0x0000000740d00000, 0x0000000740d00000| Untracked 
|  14|0x0000000740e00000, 0x0000000740e00000, 0x0000000740f00000|  0%| F|  |TAMS 0x0000000740e00000, 0x0000000740e00000| Untracked 
|  15|0x0000000740f00000, 0x0000000740f00000, 0x0000000741000000|  0%| F|  |TAMS 0x0000000740f00000, 0x0000000740f00000| Untracked 
|  16|0x0000000741000000, 0x0000000741000000, 0x0000000741100000|  0%| F|  |TAMS 0x0000000741000000, 0x0000000741000000| Untracked 
|  17|0x0000000741100000, 0x0000000741100000, 0x0000000741200000|  0%| F|  |TAMS 0x0000000741100000, 0x0000000741100000| Untracked 
|  18|0x0000000741200000, 0x0000000741200000, 0x0000000741300000|  0%| F|  |TAMS 0x0000000741200000, 0x0000000741200000| Untracked 
|  19|0x0000000741300000, 0x0000000741300000, 0x0000000741400000|  0%| F|  |TAMS 0x0000000741300000, 0x0000000741300000| Untracked 
|  20|0x0000000741400000, 0x0000000741400000, 0x0000000741500000|  0%| F|  |TAMS 0x0000000741400000, 0x0000000741400000| Untracked 
|  21|0x0000000741500000, 0x0000000741500000, 0x0000000741600000|  0%| F|  |TAMS 0x0000000741500000, 0x0000000741500000| Untracked 
|  22|0x0000000741600000, 0x0000000741600000, 0x0000000741700000|  0%| F|  |TAMS 0x0000000741600000, 0x0000000741600000| Untracked 
|  23|0x0000000741700000, 0x0000000741700000, 0x0000000741800000|  0%| F|  |TAMS 0x0000000741700000, 0x0000000741700000| Untracked 
|  24|0x0000000741800000, 0x0000000741800000, 0x0000000741900000|  0%| F|  |TAMS 0x0000000741800000, 0x0000000741800000| Untracked 
|  25|0x0000000741900000, 0x0000000741900000, 0x0000000741a00000|  0%| F|  |TAMS 0x0000000741900000, 0x0000000741900000| Untracked 
|  26|0x0000000741a00000, 0x0000000741b00000, 0x0000000741b00000|100%| E|  |TAMS 0x0000000741a00000, 0x0000000741a00000| Complete 
|  27|0x0000000741b00000, 0x0000000741c00000, 0x0000000741c00000|100%| E|CS|TAMS 0x0000000741b00000, 0x0000000741b00000| Complete 
|  28|0x0000000741c00000, 0x0000000741d00000, 0x0000000741d00000|100%| E|CS|TAMS 0x0000000741c00000, 0x0000000741c00000| Complete 
|  29|0x0000000741d00000, 0x0000000741e00000, 0x0000000741e00000|100%| E|CS|TAMS 0x0000000741d00000, 0x0000000741d00000| Complete 
|  30|0x0000000741e00000, 0x0000000741eff858, 0x0000000741f00000| 99%| E|  |TAMS 0x0000000741e00000, 0x0000000741e00000| Complete 
|  31|0x0000000741f00000, 0x0000000742000000, 0x0000000742000000|100%| E|CS|TAMS 0x0000000741f00000, 0x0000000741f00000| Complete 
|  32|0x0000000742000000, 0x0000000742100000, 0x0000000742100000|100%| E|CS|TAMS 0x0000000742000000, 0x0000000742000000| Complete 
|  99|0x0000000746300000, 0x0000000746400000, 0x0000000746400000|100%| E|CS|TAMS 0x0000000746300000, 0x0000000746300000| Complete 
| 100|0x0000000746400000, 0x0000000746500000, 0x0000000746500000|100%| E|CS|TAMS 0x0000000746400000, 0x0000000746400000| Complete 
| 101|0x0000000746500000, 0x0000000746600000, 0x0000000746600000|100%| E|CS|TAMS 0x0000000746500000, 0x0000000746500000| Complete 
| 102|0x0000000746600000, 0x0000000746700000, 0x0000000746700000|100%| E|CS|TAMS 0x0000000746600000, 0x0000000746600000| Complete 
| 103|0x0000000746700000, 0x0000000746800000, 0x0000000746800000|100%| E|CS|TAMS 0x0000000746700000, 0x0000000746700000| Complete 
| 104|0x0000000746800000, 0x0000000746900000, 0x0000000746900000|100%| E|CS|TAMS 0x0000000746800000, 0x0000000746800000| Complete 
| 105|0x0000000746900000, 0x000000074692baa0, 0x0000000746a00000| 17%| S|CS|TAMS 0x0000000746900000, 0x0000000746900000| Complete 
| 127|0x0000000747f00000, 0x0000000748000000, 0x0000000748000000|100%| E|CS|TAMS 0x0000000747f00000, 0x0000000747f00000| Complete 

Card table byte_map: [0x0000000112400000,0x0000000112800000] _byte_map_base: 0x000000010ea00000

Marking Bits (Prev, Next): (CMBitMap*) 0x00007f85fd03ba50, (CMBitMap*) 0x00007f85fd03ba10
 Prev Bits: [0x00000001162a3000, 0x00000001182a3000)
 Next Bits: [0x00000001142a3000, 0x00000001162a3000)

Polling page: 0x000000010f9c6000

Metaspace:

Usage:
  Non-class:     23.50 MB used.
      Class:      3.70 MB used.
       Both:     27.20 MB used.

Virtual space:
  Non-class space:       32.00 MB reserved,      23.62 MB ( 74%) committed,  4 nodes.
      Class space:        1.00 GB reserved,       3.81 MB ( <1%) committed,  1 nodes.
             Both:        1.03 GB reserved,      27.44 MB (  3%) committed. 

Chunk freelists:
   Non-Class:  3.59 MB
       Class:  143.00 KB
        Both:  3.73 MB

MaxMetaspaceSize: unlimited
CompressedClassSpaceSize: 1.00 GB
Initial GC threshold: 21.00 MB
Current GC threshold: 35.31 MB
CDS: off
MetaspaceReclaimPolicy: balanced
 - commit_granule_bytes: 65536.
 - commit_granule_words: 8192.
 - virtual_space_node_default_size: 1048576.
 - enlarge_chunks_in_place: 1.
 - new_chunks_are_fully_committed: 0.
 - uncommit_free_chunks: 1.
 - use_allocation_guard: 0.
 - handle_deallocations: 1.


Internal statistics:

num_allocs_failed_limit: 3.
num_arena_births: 222.
num_arena_deaths: 0.
num_vsnodes_births: 5.
num_vsnodes_deaths: 0.
num_space_committed: 439.
num_space_uncommitted: 0.
num_chunks_returned_to_freelist: 3.
num_chunks_taken_from_freelist: 880.
num_chunk_merges: 3.
num_chunk_splits: 597.
num_chunks_enlarged: 468.
num_purges: 0.
num_inconsistent_stats: 0.

CodeHeap 'non-profiled nmethods': size=120032Kb used=938Kb max_used=938Kb free=119094Kb
 bounds [0x000000012811f000, 0x000000012838f000, 0x000000012f657000]
CodeHeap 'profiled nmethods': size=120028Kb used=4241Kb max_used=4241Kb free=115786Kb
 bounds [0x0000000120be8000, 0x0000000121018000, 0x000000012811f000]
CodeHeap 'non-nmethods': size=5700Kb used=1408Kb max_used=1448Kb free=4291Kb
 bounds [0x0000000120657000, 0x00000001208c7000, 0x0000000120be8000]
 total_blobs=3082 nmethods=2306 adapters=689
 compilation: enabled
              stopped_count=0, restarted_count=0
 full_count=0

Compilation events (20 events):
Event: 5.160 Thread 0x00007f85fe009400 2323       3       org.testfx.robot.impl.MoveRobotImpl::interpolateValuesBetween (9 bytes)
Event: 5.160 Thread 0x00007f85fe009400 nmethod 2323 0x000000012100b090 code [0x000000012100b220, 0x000000012100b330]
Event: 5.161 Thread 0x00007f85fd0ce000 2317  s!   4       jdk.internal.loader.URLClassPath::getLoader (194 bytes)
Event: 5.166 Thread 0x00007f85fd0ce000 nmethod 2317 0x0000000128207810 code [0x00000001282079c0, 0x00000001282080e8]
Event: 5.166 Thread 0x00007f85fd0ce000 2316       4       com.sun.javafx.collections.ObservableListWrapper::size (10 bytes)
Event: 5.167 Thread 0x00007f85fd0ce000 nmethod 2316 0x0000000128208410 code [0x00000001282085a0, 0x0000000128208658]
Event: 5.243 Thread 0x00007f85fe009400 2324       3       java.util.concurrent.locks.AbstractQueuedSynchronizer::release (19 bytes)
Event: 5.244 Thread 0x00007f85fe009400 nmethod 2324 0x000000012100b410 code [0x000000012100b600, 0x000000012100ba60]
Event: 5.256 Thread 0x00007f85fe009400 2325       3       java.util.concurrent.locks.ReentrantLock$Sync::tryRelease (51 bytes)
Event: 5.256 Thread 0x00007f85fe009400 nmethod 2325 0x000000012100bc10 code [0x000000012100bde0, 0x000000012100c180]
Event: 5.257 Thread 0x00007f85fd0ce000 2326       4       jdk.internal.reflect.ByteVectorImpl::add (38 bytes)
Event: 5.257 Thread 0x00007f85fe009400 2327       3       jdk.internal.reflect.ClassFileAssembler::setStack (25 bytes)
Event: 5.257 Thread 0x00007f85fe009400 nmethod 2327 0x000000012100c290 code [0x000000012100c420, 0x000000012100c570]
Event: 5.258 Thread 0x00007f85fd0ce000 nmethod 2326 0x0000000128208710 code [0x00000001282088a0, 0x00000001282089a8]
Event: 5.258 Thread 0x00007f85fd0ce000 2328       4       jdk.internal.reflect.ClassFileAssembler::emitByte (11 bytes)
Event: 5.258 Thread 0x00007f85fe009400 2329       1       java.util.concurrent.atomic.AtomicInteger::get (5 bytes)
Event: 5.258 Thread 0x00007f85fe009400 nmethod 2329 0x0000000128208a90 code [0x0000000128208c20, 0x0000000128208cf0]
Event: 5.260 Thread 0x00007f85fd0ce000 nmethod 2328 0x0000000128208d90 code [0x0000000128208f20, 0x0000000128209088]
Event: 5.263 Thread 0x00007f85fe009400 2330       1       com.sun.glass.ui.InvokeLaterDispatcher$Future::isDone (5 bytes)
Event: 5.263 Thread 0x00007f85fe009400 nmethod 2330 0x0000000128209210 code [0x00000001282093a0, 0x0000000128209470]

GC Heap History (12 events):
Event: 0.448 GC heap before
{Heap before GC invocations=0 (full 0):
 garbage-first heap   total 131072K, used 12288K [0x0000000740000000, 0x00000007c0000000)
  region size 1024K, 13 young (13312K), 0 survivors (0K)
 Metaspace       used 7770K, committed 7936K, reserved 1056768K
  class space    used 724K, committed 768K, reserved 1048576K
}
Event: 0.457 GC heap after
{Heap after GC invocations=1 (full 0):
 garbage-first heap   total 131072K, used 3168K [0x0000000740000000, 0x00000007c0000000)
  region size 1024K, 2 young (2048K), 2 survivors (2048K)
 Metaspace       used 7770K, committed 7936K, reserved 1056768K
  class space    used 724K, committed 768K, reserved 1048576K
}
Event: 1.070 GC heap before
{Heap before GC invocations=1 (full 0):
 garbage-first heap   total 131072K, used 19552K [0x0000000740000000, 0x00000007c0000000)
  region size 1024K, 18 young (18432K), 2 survivors (2048K)
 Metaspace       used 12158K, committed 12352K, reserved 1064960K
  class space    used 1240K, committed 1344K, reserved 1048576K
}
Event: 1.090 GC heap after
{Heap after GC invocations=2 (full 0):
 garbage-first heap   total 131072K, used 3647K [0x0000000740000000, 0x00000007c0000000)
  region size 1024K, 3 young (3072K), 3 survivors (3072K)
 Metaspace       used 12158K, committed 12352K, reserved 1064960K
  class space    used 1240K, committed 1344K, reserved 1048576K
}
Event: 2.050 GC heap before
{Heap before GC invocations=2 (full 0):
 garbage-first heap   total 131072K, used 37439K [0x0000000740000000, 0x00000007c0000000)
  region size 1024K, 36 young (36864K), 3 survivors (3072K)
 Metaspace       used 14770K, committed 14912K, reserved 1064960K
  class space    used 1592K, committed 1664K, reserved 1048576K
}
Event: 2.067 GC heap after
{Heap after GC invocations=3 (full 0):
 garbage-first heap   total 131072K, used 4391K [0x0000000740000000, 0x00000007c0000000)
  region size 1024K, 4 young (4096K), 4 survivors (4096K)
 Metaspace       used 14770K, committed 14912K, reserved 1064960K
  class space    used 1592K, committed 1664K, reserved 1048576K
}
Event: 3.353 GC heap before
{Heap before GC invocations=3 (full 0):
 garbage-first heap   total 131072K, used 24871K [0x0000000740000000, 0x00000007c0000000)
  region size 1024K, 26 young (26624K), 4 survivors (4096K)
 Metaspace       used 21297K, committed 21504K, reserved 1073152K
  class space    used 2488K, committed 2560K, reserved 1048576K
}
Event: 3.363 GC heap after
{Heap after GC invocations=4 (full 0):
 garbage-first heap   total 131072K, used 8137K [0x0000000740000000, 0x00000007c0000000)
  region size 1024K, 7 young (7168K), 7 survivors (7168K)
 Metaspace       used 21297K, committed 21504K, reserved 1073152K
  class space    used 2488K, committed 2560K, reserved 1048576K
}
Event: 4.087 GC heap before
{Heap before GC invocations=5 (full 0):
 garbage-first heap   total 34816K, used 21449K [0x0000000740000000, 0x00000007c0000000)
  region size 1024K, 20 young (20480K), 7 survivors (7168K)
 Metaspace       used 24402K, committed 24640K, reserved 1073152K
  class space    used 3132K, committed 3200K, reserved 1048576K
}
Event: 4.104 GC heap after
{Heap after GC invocations=6 (full 0):
 garbage-first heap   total 34816K, used 9079K [0x0000000740000000, 0x00000007c0000000)
  region size 1024K, 2 young (2048K), 2 survivors (2048K)
 Metaspace       used 24402K, committed 24640K, reserved 1073152K
  class space    used 3132K, committed 3200K, reserved 1048576K
}
Event: 4.124 GC heap before
{Heap before GC invocations=6 (full 0):
 garbage-first heap   total 34816K, used 10103K [0x0000000740000000, 0x00000007c0000000)
  region size 1024K, 3 young (3072K), 2 survivors (2048K)
 Metaspace       used 24641K, committed 24896K, reserved 1073152K
  class space    used 3192K, committed 3264K, reserved 1048576K
}
Event: 4.142 GC heap after
{Heap after GC invocations=7 (full 0):
 garbage-first heap   total 41984K, used 9148K [0x0000000740000000, 0x00000007c0000000)
  region size 1024K, 1 young (1024K), 1 survivors (1024K)
 Metaspace       used 24641K, committed 24896K, reserved 1073152K
  class space    used 3192K, committed 3264K, reserved 1048576K
}

Deoptimization events (20 events):
Event: 3.576 Thread 0x00007f85fe320400 Uncommon trap: trap_request=0xffffffde fr.pc=0x000000012813dc4c relative=0x00000000000001ac
Event: 3.576 Thread 0x00007f85fe320400 Uncommon trap: reason=class_check action=maybe_recompile pc=0x000000012813dc4c method=java.lang.String.equals(Ljava/lang/Object;)Z @ 8 c2
Event: 3.576 Thread 0x00007f85fe320400 DEOPT PACKING pc=0x000000012813dc4c sp=0x00007ff7b0667020
Event: 3.576 Thread 0x00007f85fe320400 DEOPT UNPACKING pc=0x00000001206a9099 sp=0x00007ff7b0666fe8 mode 2
Event: 4.338 Thread 0x00007f85fe320400 Uncommon trap: trap_request=0xffffff45 fr.pc=0x0000000128182f70 relative=0x0000000000000050
Event: 4.338 Thread 0x00007f85fe320400 Uncommon trap: reason=unstable_if action=reinterpret pc=0x0000000128182f70 method=java.util.stream.StreamOpFlag.fromCharacteristics(Ljava/util/Spliterator;)I @ 10 c2
Event: 4.338 Thread 0x00007f85fe320400 DEOPT PACKING pc=0x0000000128182f70 sp=0x00007ff7b0667110
Event: 4.338 Thread 0x00007f85fe320400 DEOPT UNPACKING pc=0x00000001206a9099 sp=0x00007ff7b06670c8 mode 2
Event: 4.339 Thread 0x00007f85fe320400 Uncommon trap: trap_request=0xffffff45 fr.pc=0x000000012818de74 relative=0x00000000000003d4
Event: 4.339 Thread 0x00007f85fe320400 Uncommon trap: reason=unstable_if action=reinterpret pc=0x000000012818de74 method=java.util.stream.StreamOpFlag.getMask(I)I @ 1 c2
Event: 4.339 Thread 0x00007f85fe320400 DEOPT PACKING pc=0x000000012818de74 sp=0x00007ff7b0666fe0
Event: 4.339 Thread 0x00007f85fe320400 DEOPT UNPACKING pc=0x00000001206a9099 sp=0x00007ff7b0666ed0 mode 2
Event: 4.519 Thread 0x00007f85fe320400 Uncommon trap: trap_request=0xffffff45 fr.pc=0x00000001281bc7d0 relative=0x00000000000001b0
Event: 4.519 Thread 0x00007f85fe320400 Uncommon trap: reason=unstable_if action=reinterpret pc=0x00000001281bc7d0 method=java.io.ByteArrayInputStream.read()I @ 8 c2
Event: 4.519 Thread 0x00007f85fe320400 DEOPT PACKING pc=0x00000001281bc7d0 sp=0x00007ff7b0666770
Event: 4.519 Thread 0x00007f85fe320400 DEOPT UNPACKING pc=0x00000001206a9099 sp=0x00007ff7b0666728 mode 2
Event: 4.693 Thread 0x00007f85fd601000 Uncommon trap: trap_request=0xffffff45 fr.pc=0x00000001281d9a38 relative=0x0000000000000118
Event: 4.693 Thread 0x00007f85fd601000 Uncommon trap: reason=unstable_if action=reinterpret pc=0x00000001281d9a38 method=java.util.Arrays.equals([Ljava/lang/Object;[Ljava/lang/Object;)Z @ 23 c2
Event: 4.693 Thread 0x00007f85fd601000 DEOPT PACKING pc=0x00000001281d9a38 sp=0x0000700005e96540
Event: 4.693 Thread 0x00007f85fd601000 DEOPT UNPACKING pc=0x00000001206a9099 sp=0x0000700005e964e8 mode 2

Classes unloaded (0 events):
No events

Classes redefined (0 events):
No events

Internal exceptions (20 events):
Event: 3.055 Thread 0x00007f85fe320400 Exception <a 'sun/nio/fs/UnixException'{0x00000007473d33b8}> (0x00000007473d33b8) 
thrown [src/hotspot/share/prims/jni.cpp, line 516]
Event: 3.055 Thread 0x00007f85fe320400 Exception <a 'sun/nio/fs/UnixException'{0x00000007473d3b90}> (0x00000007473d3b90) 
thrown [src/hotspot/share/prims/jni.cpp, line 516]
Event: 3.082 Thread 0x00007f85fe320400 Exception <a 'java/lang/NoSuchMethodError'{0x00000007473df7c0}: 'java.lang.Object java.lang.invoke.DirectMethodHandle$Holder.invokeStatic(java.lang.Object, int, java.lang.Object)'> (0x00000007473df7c0) 
thrown [src/hotspot/share/interpreter/linkResolver.cpp, line 766]
Event: 3.087 Thread 0x00007f85fe320400 Exception <a 'java/lang/ClassNotFoundException'{0x00000007473f2f00}: sun/util/logging/resources/spi/loggingProvider> (0x00000007473f2f00) 
thrown [src/hotspot/share/classfile/systemDictionary.cpp, line 256]
Event: 3.131 Thread 0x00007f85fe320400 Exception <a 'java/lang/NoSuchMethodError'{0x00000007471175d0}: 'java.lang.Object java.lang.invoke.DirectMethodHandle$Holder.invokeSpecial(java.lang.Object, java.lang.Object, java.lang.Object, int, java.lang.Object)'> (0x00000007471175d0) 
thrown [src/hotspot/share/interpreter/linkResolver.cpp, line 766]
Event: 3.308 Thread 0x00007f85fe320400 Exception <a 'java/lang/NoSuchMethodError'{0x0000000746cd9bb0}: 'void java.lang.invoke.DirectMethodHandle$Holder.invokeStaticInit(java.lang.Object, java.lang.Object)'> (0x0000000746cd9bb0) 
thrown [src/hotspot/share/interpreter/linkResolver.cpp, line 766]
Event: 3.417 Thread 0x00007f85fe320400 Exception <a 'java/io/FileNotFoundException'{0x00000007419bfbc0}> (0x00000007419bfbc0) 
thrown [src/hotspot/share/prims/jni.cpp, line 516]
Event: 3.441 Thread 0x00007f85fe320400 Implicit null exception at 0x0000000128141dd8 to 0x0000000128141e66
Event: 3.494 Thread 0x00007f85fe320400 Implicit null exception at 0x00000001281baa8f to 0x00000001281bac48
Event: 3.497 Thread 0x00007f85fe320400 Implicit null exception at 0x00000001281ba40f to 0x00000001281ba5bc
Event: 3.875 Thread 0x00007f85fe320400 Exception <a 'java/lang/NoSuchMethodError'{0x000000074112df28}: 'java.lang.Object java.lang.invoke.DirectMethodHandle$Holder.invokeInterface(java.lang.Object, java.lang.Object, java.lang.Object)'> (0x000000074112df28) 
thrown [src/hotspot/share/interpreter/linkResolver.cpp, line 766]
Event: 3.875 Thread 0x00007f85fe320400 Exception <a 'java/lang/IncompatibleClassChangeError'{0x00000007411315f0}: Found class java.lang.Object, but interface was expected> (0x00000007411315f0) 
thrown [src/hotspot/share/interpreter/linkResolver.cpp, line 833]
Event: 3.998 Thread 0x00007f85fe320400 Exception <a 'java/lang/ClassNotFoundException'{0x0000000740fb2d38}: com/sun/javafx/scene/control/skin/resources/controls> (0x0000000740fb2d38) 
thrown [src/hotspot/share/prims/jni.cpp, line 535]
Event: 4.006 Thread 0x00007f85fe320400 Exception <a 'java/lang/ClassNotFoundException'{0x0000000740fc0890}: com/sun/javafx/scene/control/skin/resources/controls_en> (0x0000000740fc0890) 
thrown [src/hotspot/share/prims/jni.cpp, line 535]
Event: 4.006 Thread 0x00007f85fe320400 Exception <a 'java/lang/ClassNotFoundException'{0x0000000740fc2030}: com/sun/javafx/scene/control/skin/resources/controls_en_NO> (0x0000000740fc2030) 
thrown [src/hotspot/share/prims/jni.cpp, line 535]
Event: 4.360 Thread 0x00007f85fe320400 Exception <a 'java/lang/NoSuchMethodError'{0x00000007466971f0}: 'void java.lang.invoke.DirectMethodHandle$Holder.invokeSpecialIFC(java.lang.Object, java.lang.Object, java.lang.Object, java.lang.Object)'> (0x00000007466971f0) 
thrown [src/hotspot/share/interpreter/linkResolver.cpp, line 766]
Event: 4.410 Thread 0x00007f85fe320400 Exception <a 'java/lang/NoSuchMethodError'{0x0000000746452a80}: 'int java.lang.invoke.DirectMethodHandle$Holder.invokeSpecial(java.lang.Object, java.lang.Object, int)'> (0x0000000746452a80) 
thrown [src/hotspot/share/interpreter/linkResolver.cpp, line 766]
Event: 4.614 Thread 0x00007f85fd601000 Exception <a 'java/lang/NoSuchMethodError'{0x0000000741fb4bd0}: 'int java.lang.invoke.DirectMethodHandle$Holder.invokeStaticInit(java.lang.Object, java.lang.Object)'> (0x0000000741fb4bd0) 
thrown [src/hotspot/share/interpreter/linkResolver.cpp, line 766]
Event: 4.785 Thread 0x00007f85fd00d600 Exception <a 'java/lang/IncompatibleClassChangeError'{0x0000000741b0fed0}: Found class java.lang.Object, but interface was expected> (0x0000000741b0fed0) 
thrown [src/hotspot/share/interpreter/linkResolver.cpp, line 833]
Event: 5.048 Thread 0x00007f85fe320400 Exception <a 'java/io/FileNotFoundException'{0x0000000741bbc000}> (0x0000000741bbc000) 
thrown [src/hotspot/share/prims/jni.cpp, line 516]

VM Operations (20 events):
Event: 2.050 Executing VM operation: G1CollectForAllocation
Event: 2.068 Executing VM operation: G1CollectForAllocation done
Event: 2.124 Executing VM operation: HandshakeAllThreads
Event: 2.124 Executing VM operation: HandshakeAllThreads done
Event: 3.126 Executing VM operation: Cleanup
Event: 3.137 Executing VM operation: Cleanup done
Event: 3.353 Executing VM operation: CollectForMetadataAllocation
Event: 3.370 Executing VM operation: CollectForMetadataAllocation done
Event: 3.390 Executing VM operation: G1Concurrent
Event: 3.398 Executing VM operation: G1Concurrent done
Event: 3.402 Executing VM operation: G1Concurrent
Event: 3.413 Executing VM operation: G1Concurrent done
Event: 4.087 Executing VM operation: G1CollectForAllocation
Event: 4.104 Executing VM operation: G1CollectForAllocation done
Event: 4.123 Executing VM operation: G1CollectForAllocation
Event: 4.143 Executing VM operation: G1CollectForAllocation done
Event: 4.528 Executing VM operation: HandshakeAllThreads
Event: 4.529 Executing VM operation: HandshakeAllThreads done
Event: 4.935 Executing VM operation: ThreadDump
Event: 4.938 Executing VM operation: ThreadDump done

Events (20 events):
Event: 4.646 loading class jdk/internal/reflect/UnsafeQualifiedStaticFieldAccessorImpl done
Event: 4.646 loading class jdk/internal/reflect/UnsafeQualifiedStaticObjectFieldAccessorImpl done
Event: 4.665 loading class java/nio/DirectShortBufferU
Event: 4.665 loading class java/nio/ShortBuffer
Event: 4.665 loading class java/nio/ShortBuffer done
Event: 4.665 loading class java/nio/DirectShortBufferU done
Event: 4.692 loading class java/nio/FloatBuffer
Event: 4.693 loading class java/nio/FloatBuffer done
Event: 4.693 loading class java/nio/DoubleBuffer
Event: 4.693 loading class java/nio/DoubleBuffer done
Event: 4.700 loading class java/nio/DirectFloatBufferU
Event: 4.700 loading class java/nio/DirectFloatBufferU done
Event: 4.709 loading class jdk/internal/misc/ScopedMemoryAccess$Scope
Event: 4.709 loading class jdk/internal/misc/ScopedMemoryAccess$Scope done
Event: 4.774 loading class java/util/function/ToIntFunction
Event: 4.774 loading class java/util/function/ToIntFunction done
Event: 5.025 loading class java/util/concurrent/ConcurrentHashMap$ValueSpliterator
Event: 5.025 loading class java/util/concurrent/ConcurrentHashMap$ValueSpliterator done
Event: 5.026 loading class java/util/stream/SortedOps$RefSortingSink
Event: 5.027 loading class java/util/stream/SortedOps$RefSortingSink done


Dynamic libraries:
0x000000010f9b0000 	/Users/ulisman/.sdkman/candidates/java/17.0.1-tem/lib/libjli.dylib
0x00007ff80c423000 	/usr/lib/libz.1.dylib
0x00007ff80c503000 	/usr/lib/libSystem.B.dylib
0x00007ff80c4fe000 	/usr/lib/system/libcache.dylib
0x00007ff80c4ba000 	/usr/lib/system/libcommonCrypto.dylib
0x00007ff80c4e3000 	/usr/lib/system/libcompiler_rt.dylib
0x00007ff80c4d9000 	/usr/lib/system/libcopyfile.dylib
0x00007ff801492000 	/usr/lib/system/libcorecrypto.dylib
0x00007ff801550000 	/usr/lib/system/libdispatch.dylib
0x00007ff801710000 	/usr/lib/system/libdyld.dylib
0x00007ff80c4f5000 	/usr/lib/system/libkeymgr.dylib
0x00007ff80c498000 	/usr/lib/system/libmacho.dylib
0x00007ff80bb19000 	/usr/lib/system/libquarantine.dylib
0x00007ff80c4f3000 	/usr/lib/system/libremovefile.dylib
0x00007ff8066a5000 	/usr/lib/system/libsystem_asl.dylib
0x00007ff80143b000 	/usr/lib/system/libsystem_blocks.dylib
0x00007ff8015d4000 	/usr/lib/system/libsystem_c.dylib
0x00007ff80c4eb000 	/usr/lib/system/libsystem_collections.dylib
0x00007ff80adcd000 	/usr/lib/system/libsystem_configuration.dylib
0x00007ff80a076000 	/usr/lib/system/libsystem_containermanager.dylib
0x00007ff80c1d0000 	/usr/lib/system/libsystem_coreservices.dylib
0x00007ff803d46000 	/usr/lib/system/libsystem_darwin.dylib
0x00007ff80c4f6000 	/usr/lib/system/libsystem_dnssd.dylib
0x00007ff8015d1000 	/usr/lib/system/libsystem_featureflags.dylib
0x00007ff801726000 	/usr/lib/system/libsystem_info.dylib
0x00007ff80c436000 	/usr/lib/system/libsystem_m.dylib
0x00007ff801524000 	/usr/lib/system/libsystem_malloc.dylib
0x00007ff806640000 	/usr/lib/system/libsystem_networkextension.dylib
0x00007ff80416c000 	/usr/lib/system/libsystem_notify.dylib
0x00007ff812771000 	/usr/lib/system/libsystem_product_info_filter.dylib
0x00007ff80add1000 	/usr/lib/system/libsystem_sandbox.dylib
0x00007ff80c4f0000 	/usr/lib/system/libsystem_secinit.dylib
0x00007ff8016cc000 	/usr/lib/system/libsystem_kernel.dylib
0x00007ff80171c000 	/usr/lib/system/libsystem_platform.dylib
0x00007ff801704000 	/usr/lib/system/libsystem_pthread.dylib
0x00007ff807ef3000 	/usr/lib/system/libsystem_symptoms.dylib
0x00007ff801479000 	/usr/lib/system/libsystem_trace.dylib
0x00007ff80c4c6000 	/usr/lib/system/libunwind.dylib
0x00007ff80143d000 	/usr/lib/system/libxpc.dylib
0x00007ff8016b6000 	/usr/lib/libc++abi.dylib
0x00007ff801597000 	/usr/lib/libobjc.A.dylib
0x00007ff80c4d1000 	/usr/lib/liboah.dylib
0x00007ff80165d000 	/usr/lib/libc++.1.dylib
0x00007ff818572000 	/System/Library/Frameworks/Cocoa.framework/Versions/A/Cocoa
0x00007ff8041ca000 	/System/Library/Frameworks/AppKit.framework/Versions/C/AppKit
0x00007ff8076e1000 	/System/Library/Frameworks/CoreData.framework/Versions/A/CoreData
0x00007ff8025cd000 	/System/Library/Frameworks/Foundation.framework/Versions/C/Foundation
0x00007ff80505a000 	/System/Library/PrivateFrameworks/UIFoundation.framework/Versions/A/UIFoundation
0x00007ff812474000 	/System/Library/PrivateFrameworks/RemoteViewServices.framework/Versions/A/RemoteViewServices
0x00007ff80a757000 	/System/Library/PrivateFrameworks/XCTTargetBootstrap.framework/Versions/A/XCTTargetBootstrap
0x00007ff80e30a000 	/System/Library/PrivateFrameworks/InternationalSupport.framework/Versions/A/InternationalSupport
0x00007ff80e394000 	/System/Library/PrivateFrameworks/UserActivity.framework/Versions/A/UserActivity
0x00007ff80d6ea000 	/usr/lib/libspindump.dylib
0x00007ff8052e9000 	/System/Library/Frameworks/UniformTypeIdentifiers.framework/Versions/A/UniformTypeIdentifiers
0x00007ff808e7b000 	/usr/lib/libapp_launch_measurement.dylib
0x00007ff8080b3000 	/System/Library/PrivateFrameworks/CoreAnalytics.framework/Versions/A/CoreAnalytics
0x00007ff808e7e000 	/System/Library/PrivateFrameworks/CoreAutoLayout.framework/Versions/A/CoreAutoLayout
0x00007ff80a0ae000 	/System/Library/Frameworks/Metal.framework/Versions/A/Metal
0x00007ff80addd000 	/usr/lib/liblangid.dylib
0x00007ff80a75c000 	/System/Library/PrivateFrameworks/CoreSVG.framework/Versions/A/CoreSVG
0x00007ff8066d5000 	/System/Library/PrivateFrameworks/SkyLight.framework/Versions/A/SkyLight
0x00007ff806a74000 	/System/Library/Frameworks/CoreGraphics.framework/Versions/A/CoreGraphics
0x00007ff812b34000 	/System/Library/Frameworks/Accelerate.framework/Versions/A/Accelerate
0x00007ff80d169000 	/System/Library/PrivateFrameworks/IconServices.framework/Versions/A/IconServices
0x00007ff80a093000 	/System/Library/Frameworks/IOSurface.framework/Versions/A/IOSurface
0x00007ff8080e1000 	/usr/lib/libDiagnosticMessagesClient.dylib
0x00007ff816216000 	/System/Library/Frameworks/ApplicationServices.framework/Versions/A/ApplicationServices
0x00007ff80a743000 	/System/Library/PrivateFrameworks/DFRFoundation.framework/Versions/A/DFRFoundation
0x00007ff803ab2000 	/usr/lib/libicucore.A.dylib
0x00007ff80f100000 	/System/Library/Frameworks/AudioToolbox.framework/Versions/A/AudioToolbox
0x00007ff80e316000 	/System/Library/PrivateFrameworks/DataDetectorsCore.framework/Versions/A/DataDetectorsCore
0x00007ff90a814000 	/System/Library/PrivateFrameworks/TextInput.framework/Versions/A/TextInput
0x00007ff806658000 	/usr/lib/libMobileGestalt.dylib
0x00007ff80a44f000 	/System/Library/Frameworks/Carbon.framework/Versions/A/Frameworks/HIToolbox.framework/Versions/A/HIToolbox
0x00007ff80887e000 	/System/Library/Frameworks/QuartzCore.framework/Versions/A/QuartzCore
0x00007ff803757000 	/System/Library/Frameworks/Security.framework/Versions/A/Security
0x00007ff8124ac000 	/System/Library/Frameworks/Carbon.framework/Versions/A/Frameworks/SpeechRecognition.framework/Versions/A/SpeechRecognition
0x00007ff808bdb000 	/System/Library/PrivateFrameworks/CoreUI.framework/Versions/A/CoreUI
0x00007ff803021000 	/System/Library/Frameworks/CoreAudio.framework/Versions/A/CoreAudio
0x00007ff8081d0000 	/System/Library/Frameworks/DiskArbitration.framework/Versions/A/DiskArbitration
0x00007ff80dad8000 	/System/Library/PrivateFrameworks/MultitouchSupport.framework/Versions/A/MultitouchSupport
0x00007ff806657000 	/usr/lib/libenergytrace.dylib
0x00007ff8040b6000 	/System/Library/Frameworks/IOKit.framework/Versions/A/IOKit
0x00007ff81289c000 	/System/Library/Frameworks/CoreServices.framework/Versions/A/CoreServices
0x00007ff808e15000 	/System/Library/PrivateFrameworks/PerformanceAnalysis.framework/Versions/A/PerformanceAnalysis
0x00007ffa1a4f6000 	/System/Library/Frameworks/OpenGL.framework/Versions/A/OpenGL
0x00007ff80ba3f000 	/System/Library/PrivateFrameworks/MobileKeyBag.framework/Versions/A/MobileKeyBag
0x00007ff807140000 	/System/Library/Frameworks/ColorSync.framework/Versions/A/ColorSync
0x00007ff801751000 	/System/Library/Frameworks/CoreFoundation.framework/Versions/A/CoreFoundation
0x00007ff80a9d3000 	/System/Library/Frameworks/CoreImage.framework/Versions/A/CoreImage
0x00007ff802e35000 	/System/Library/Frameworks/CoreText.framework/Versions/A/CoreText
0x00007ff80a78c000 	/System/Library/Frameworks/ImageIO.framework/Versions/A/ImageIO
0x00007ff80c509000 	/System/Library/PrivateFrameworks/SoftLinking.framework/Versions/A/SoftLinking
0x00007ff808ec6000 	/usr/lib/libxml2.2.dylib
0x00007ff80c78d000 	/usr/lib/libcompression.dylib
0x00007ff80e23d000 	/System/Library/PrivateFrameworks/TextureIO.framework/Versions/A/TextureIO
0x00007ff80ce7b000 	/usr/lib/libate.dylib
0x00007ff80cc57000 	/usr/lib/liblzma.5.dylib
0x00007ff8022df000 	/System/Library/Frameworks/SystemConfiguration.framework/Versions/A/SystemConfiguration
0x00007ff80c505000 	/usr/lib/libfakelink.dylib
0x00007ff8061b0000 	/System/Library/Frameworks/CFNetwork.framework/Versions/A/CFNetwork
0x00007ff80c646000 	/usr/lib/libarchive.2.dylib
0x00007ff80add9000 	/System/Library/PrivateFrameworks/AppleSystemInfo.framework/Versions/A/AppleSystemInfo
0x00007ff80bb40000 	/usr/lib/libbsm.0.dylib
0x00007ff8057bf000 	/usr/lib/libnetwork.dylib
0x00007ff80c49e000 	/usr/lib/system/libkxld.dylib
0x00007ff80b773000 	/System/Library/PrivateFrameworks/IOMobileFramebuffer.framework/Versions/A/IOMobileFramebuffer
0x00007ffb19ec0000 	/usr/lib/libCoreEntitlements.dylib
0x00007ff80c1b2000 	/System/Library/PrivateFrameworks/AppleFSCompression.framework/Versions/A/AppleFSCompression
0x00007ff80bb28000 	/usr/lib/libcoretls.dylib
0x00007ff80cc71000 	/usr/lib/libcoretls_cfhelpers.dylib
0x00007ff80c788000 	/usr/lib/libpam.2.dylib
0x00007ff807b12000 	/usr/lib/libsqlite3.dylib
0x00007ff80cce0000 	/usr/lib/libxar.1.dylib
0x00007ff80c1c2000 	/usr/lib/libbz2.1.0.dylib
0x00007ff80c50a000 	/usr/lib/libpcap.A.dylib
0x00007ff807eeb000 	/usr/lib/libdns_services.dylib
0x00007ff80c758000 	/usr/lib/libapple_nghttp2.dylib
0x00007ff80c544000 	/usr/lib/libiconv.2.dylib
0x00007ff80c497000 	/usr/lib/libcharset.1.dylib
0x00007ff808e49000 	/System/Library/Frameworks/CoreServices.framework/Versions/A/Frameworks/FSEvents.framework/Versions/A/FSEvents
0x00007ff803d50000 	/System/Library/Frameworks/CoreServices.framework/Versions/A/Frameworks/CarbonCore.framework/Versions/A/CarbonCore
0x00007ff808134000 	/System/Library/Frameworks/CoreServices.framework/Versions/A/Frameworks/Metadata.framework/Versions/A/Metadata
0x00007ff80c1d5000 	/System/Library/Frameworks/CoreServices.framework/Versions/A/Frameworks/OSServices.framework/Versions/A/OSServices
0x00007ff80c6cd000 	/System/Library/Frameworks/CoreServices.framework/Versions/A/Frameworks/SearchKit.framework/Versions/A/SearchKit
0x00007ff807e7d000 	/System/Library/Frameworks/CoreServices.framework/Versions/A/Frameworks/AE.framework/Versions/A/AE
0x00007ff801c54000 	/System/Library/Frameworks/CoreServices.framework/Versions/A/Frameworks/LaunchServices.framework/Versions/A/LaunchServices
0x00007ff80cc08000 	/System/Library/Frameworks/CoreServices.framework/Versions/A/Frameworks/DictionaryServices.framework/Versions/A/DictionaryServices
0x00007ff808e56000 	/System/Library/Frameworks/CoreServices.framework/Versions/A/Frameworks/SharedFileList.framework/Versions/A/SharedFileList
0x00007ff80bb1c000 	/usr/lib/libCheckFix.dylib
0x00007ff8066bc000 	/System/Library/PrivateFrameworks/TCC.framework/Versions/A/TCC
0x00007ff80addf000 	/System/Library/PrivateFrameworks/CoreNLP.framework/Versions/A/CoreNLP
0x00007ff8080e4000 	/System/Library/PrivateFrameworks/MetadataUtilities.framework/Versions/A/MetadataUtilities
0x00007ff802390000 	/usr/lib/libmecabra.dylib
0x00007ff80bb50000 	/usr/lib/libmecab.dylib
0x00007ff80235b000 	/usr/lib/libCRFSuite.dylib
0x00007ff80bbaa000 	/usr/lib/libgermantok.dylib
0x00007ff80c733000 	/usr/lib/libThaiTokenizer.dylib
0x00007ff8081d7000 	/System/Library/Frameworks/Accelerate.framework/Versions/A/Frameworks/vImage.framework/Versions/A/vImage
0x00007ff812873000 	/System/Library/Frameworks/Accelerate.framework/Versions/A/Frameworks/vecLib.framework/Versions/A/vecLib
0x00007ff80cd21000 	/System/Library/Frameworks/Accelerate.framework/Versions/A/Frameworks/vecLib.framework/Versions/A/libvMisc.dylib
0x00007ff80b59e000 	/System/Library/Frameworks/Accelerate.framework/Versions/A/Frameworks/vecLib.framework/Versions/A/libvDSP.dylib
0x00007ff801fcf000 	/System/Library/Frameworks/Accelerate.framework/Versions/A/Frameworks/vecLib.framework/Versions/A/libBLAS.dylib
0x00007ff80c86a000 	/System/Library/Frameworks/Accelerate.framework/Versions/A/Frameworks/vecLib.framework/Versions/A/libLAPACK.dylib
0x00007ff80bbad000 	/System/Library/Frameworks/Accelerate.framework/Versions/A/Frameworks/vecLib.framework/Versions/A/libLinearAlgebra.dylib
0x00007ff80c770000 	/System/Library/Frameworks/Accelerate.framework/Versions/A/Frameworks/vecLib.framework/Versions/A/libSparseBLAS.dylib
0x00007ff80c864000 	/System/Library/Frameworks/Accelerate.framework/Versions/A/Frameworks/vecLib.framework/Versions/A/libQuadrature.dylib
0x00007ff80aeca000 	/System/Library/Frameworks/Accelerate.framework/Versions/A/Frameworks/vecLib.framework/Versions/A/libBNNS.dylib
0x00007ff802269000 	/System/Library/Frameworks/Accelerate.framework/Versions/A/Frameworks/vecLib.framework/Versions/A/libSparse.dylib
0x00007ff80aec3000 	/System/Library/PrivateFrameworks/LinguisticData.framework/Versions/A/LinguisticData
0x00007ff80221f000 	/System/Library/PrivateFrameworks/Lexicon.framework/Versions/A/Lexicon
0x00007ff80cd1a000 	/usr/lib/libChineseTokenizer.dylib
0x00007ff80298a000 	/System/Library/PrivateFrameworks/LanguageModeling.framework/Versions/A/LanguageModeling
0x00007ff80c735000 	/System/Library/PrivateFrameworks/AppleSauce.framework/Versions/A/AppleSauce
0x00007ff80b761000 	/System/Library/PrivateFrameworks/CoreEmoji.framework/Versions/A/CoreEmoji
0x00007ff80c635000 	/usr/lib/libcmph.dylib
0x00007ff808e2d000 	/System/Library/Frameworks/OpenDirectory.framework/Versions/A/Frameworks/CFOpenDirectory.framework/Versions/A/CFOpenDirectory
0x00007ff808e21000 	/System/Library/Frameworks/OpenDirectory.framework/Versions/A/OpenDirectory
0x00007ff80cc73000 	/System/Library/PrivateFrameworks/APFS.framework/Versions/A/APFS
0x00007ff80ba77000 	/System/Library/Frameworks/SecurityFoundation.framework/Versions/A/SecurityFoundation
0x00007ff80ccee000 	/usr/lib/libutil.dylib
0x00007ff80407a000 	/System/Library/PrivateFrameworks/CoreServicesStore.framework/Versions/A/CoreServicesStore
0x00007ff80ccf2000 	/usr/lib/libxslt.1.dylib
0x00007ff80bb04000 	/System/Library/PrivateFrameworks/BackgroundTaskManagement.framework/Versions/A/BackgroundTaskManagement
0x00007ff80e15d000 	/System/Library/Frameworks/ImageIO.framework/Versions/A/Resources/libRadiance.dylib
0x00007ff80e166000 	/System/Library/Frameworks/ImageIO.framework/Versions/A/Resources/libJPEG.dylib
0x00007ff80e0b7000 	/System/Library/Frameworks/ImageIO.framework/Versions/A/Resources/libPng.dylib
0x00007ff80e0d8000 	/System/Library/Frameworks/ImageIO.framework/Versions/A/Resources/libTIFF.dylib
0x00007ff80e1c6000 	/System/Library/Frameworks/ImageIO.framework/Versions/A/Resources/libGIF.dylib
0x00007ff80d9f2000 	/System/Library/Frameworks/ImageIO.framework/Versions/A/Resources/libJP2.dylib
0x00007ff80d130000 	/usr/lib/libexpat.1.dylib
0x00007ff80d9a7000 	/System/Library/PrivateFrameworks/AppleJPEG.framework/Versions/A/AppleJPEG
0x00007ff80a313000 	/System/Library/PrivateFrameworks/FontServices.framework/libFontParser.dylib
0x00007ff807e27000 	/System/Library/PrivateFrameworks/RunningBoardServices.framework/Versions/A/RunningBoardServices
0x00007ff818b2d000 	/System/Library/PrivateFrameworks/IOSurfaceAccelerator.framework/Versions/A/IOSurfaceAccelerator
0x00007ff80dad4000 	/System/Library/PrivateFrameworks/WatchdogClient.framework/Versions/A/WatchdogClient
0x00007ff802a78000 	/System/Library/Frameworks/CoreDisplay.framework/Versions/A/CoreDisplay
0x00007ff80a211000 	/System/Library/Frameworks/CoreMedia.framework/Versions/A/CoreMedia
0x00007ff80a0a5000 	/System/Library/PrivateFrameworks/IOAccelerator.framework/Versions/A/IOAccelerator
0x00007ff808faa000 	/System/Library/Frameworks/CoreVideo.framework/Versions/A/CoreVideo
0x00007ff80c786000 	/System/Library/Frameworks/MetalPerformanceShaders.framework/Versions/A/MetalPerformanceShaders
0x00007ff80db11000 	/System/Library/Frameworks/VideoToolbox.framework/Versions/A/VideoToolbox
0x00007ff807d71000 	/System/Library/PrivateFrameworks/BaseBoard.framework/Versions/A/BaseBoard
0x00007ff807af8000 	/System/Library/PrivateFrameworks/ProtocolBuffer.framework/Versions/A/ProtocolBuffer
0x00007ff80e156000 	/System/Library/PrivateFrameworks/GPUWrangler.framework/Versions/A/GPUWrangler
0x00007ff80e13a000 	/System/Library/PrivateFrameworks/IOPresentment.framework/Versions/A/IOPresentment
0x00007ff80e160000 	/System/Library/PrivateFrameworks/DSExternalDisplay.framework/Versions/A/DSExternalDisplay
0x00007ffa1a4ea000 	/System/Library/Frameworks/OpenGL.framework/Versions/A/Libraries/libCoreFSCache.dylib
0x00007ffb075c1000 	/System/Library/PrivateFrameworks/GPUCompiler.framework/Versions/31001/Libraries/libGPUCompilerUtils.dylib
0x00007ff80e1cb000 	/System/Library/PrivateFrameworks/CMCaptureCore.framework/Versions/A/CMCaptureCore
0x00007ff80d6d8000 	/System/Library/PrivateFrameworks/AppServerSupport.framework/Versions/A/AppServerSupport
0x00007ff80f999000 	/System/Library/PrivateFrameworks/perfdata.framework/Versions/A/perfdata
0x00007ff802ba4000 	/System/Library/PrivateFrameworks/AudioToolboxCore.framework/Versions/A/AudioToolboxCore
0x00007ff80a1ef000 	/System/Library/PrivateFrameworks/caulk.framework/Versions/A/caulk
0x00007ff80f2ab000 	/usr/lib/libAudioStatistics.dylib
0x00007ff906fa2000 	/System/Library/PrivateFrameworks/SystemPolicy.framework/Versions/A/SystemPolicy
0x00007ff80f506000 	/usr/lib/libSMC.dylib
0x00007ff818425000 	/System/Library/Frameworks/CoreMIDI.framework/Versions/A/CoreMIDI
0x00007ff80e086000 	/usr/lib/libAudioToolboxUtility.dylib
0x00007ff9031ce000 	/System/Library/PrivateFrameworks/OSAServicesClient.framework/Versions/A/OSAServicesClient
0x00007ff80f9a6000 	/usr/lib/libperfcheck.dylib
0x00007ff907a4f000 	/usr/lib/libmis.dylib
0x00007ffa1a545000 	/System/Library/Frameworks/OpenGL.framework/Versions/A/Libraries/libGLU.dylib
0x00007ffa1a509000 	/System/Library/Frameworks/OpenGL.framework/Versions/A/Libraries/libGFXShared.dylib
0x00007ffa1a712000 	/System/Library/Frameworks/OpenGL.framework/Versions/A/Libraries/libGL.dylib
0x00007ffa1a512000 	/System/Library/Frameworks/OpenGL.framework/Versions/A/Libraries/libGLImage.dylib
0x00007ffa1a506000 	/System/Library/Frameworks/OpenGL.framework/Versions/A/Libraries/libCVMSPluginSupport.dylib
0x00007ffa1a4f1000 	/System/Library/Frameworks/OpenGL.framework/Versions/A/Libraries/libCoreVMClient.dylib
0x00007ff80ad5b000 	/System/Library/Frameworks/MetalPerformanceShaders.framework/Versions/A/Frameworks/MPSCore.framework/Versions/A/MPSCore
0x00007ff80c11d000 	/System/Library/Frameworks/MetalPerformanceShaders.framework/Versions/A/Frameworks/MPSImage.framework/Versions/A/MPSImage
0x00007ff80bbc3000 	/System/Library/Frameworks/MetalPerformanceShaders.framework/Versions/A/Frameworks/MPSNeuralNetwork.framework/Versions/A/MPSNeuralNetwork
0x00007ff80c037000 	/System/Library/Frameworks/MetalPerformanceShaders.framework/Versions/A/Frameworks/MPSMatrix.framework/Versions/A/MPSMatrix
0x00007ff80bdf2000 	/System/Library/Frameworks/MetalPerformanceShaders.framework/Versions/A/Frameworks/MPSRayIntersector.framework/Versions/A/MPSRayIntersector
0x00007ff80c06f000 	/System/Library/Frameworks/MetalPerformanceShaders.framework/Versions/A/Frameworks/MPSNDArray.framework/Versions/A/MPSNDArray
0x00007ffa1ffca000 	/System/Library/Frameworks/MetalPerformanceShaders.framework/Versions/A/Frameworks/MPSFunctions.framework/Versions/A/MPSFunctions
0x00007ff801eab000 	/System/Library/PrivateFrameworks/MetalTools.framework/Versions/A/MetalTools
0x00007ff80add7000 	/System/Library/PrivateFrameworks/AggregateDictionary.framework/Versions/A/AggregateDictionary
0x00007ff80cf12000 	/usr/lib/libIOReport.dylib
0x00007ffa1bb21000 	/System/Library/Frameworks/OpenCL.framework/Versions/A/OpenCL
0x00007ff80d276000 	/System/Library/PrivateFrameworks/FaceCore.framework/Versions/A/FaceCore
0x00007ff80d267000 	/System/Library/PrivateFrameworks/GraphVisualizer.framework/Versions/A/GraphVisualizer
0x00007ffb074cc000 	/System/Library/PrivateFrameworks/FontServices.framework/Versions/A/FontServices
0x00007ff80d690000 	/System/Library/PrivateFrameworks/OTSVG.framework/Versions/A/OTSVG
0x00007ff808b91000 	/System/Library/Frameworks/ApplicationServices.framework/Versions/A/Frameworks/ATS.framework/Versions/A/Resources/libFontRegistry.dylib
0x00007ff80d6e0000 	/System/Library/PrivateFrameworks/FontServices.framework/libhvf.dylib
0x00007ffb074cd000 	/System/Library/PrivateFrameworks/FontServices.framework/libXTFontStaticRegistryData.dylib
0x00007ff80d0e0000 	/System/Library/PrivateFrameworks/AppleVA.framework/Versions/A/AppleVA
0x00007ff80f2cb000 	/System/Library/Frameworks/ApplicationServices.framework/Versions/A/Frameworks/ATS.framework/Versions/A/ATS
0x00007ff80723e000 	/System/Library/Frameworks/ApplicationServices.framework/Versions/A/Frameworks/HIServices.framework/Versions/A/HIServices
0x00007ff80e1d5000 	/System/Library/Frameworks/ApplicationServices.framework/Versions/A/Frameworks/PrintCore.framework/Versions/A/PrintCore
0x00007ff80f659000 	/System/Library/Frameworks/ApplicationServices.framework/Versions/A/Frameworks/QD.framework/Versions/A/QD
0x00007ff80f651000 	/System/Library/Frameworks/ApplicationServices.framework/Versions/A/Frameworks/ColorSyncLegacy.framework/Versions/A/ColorSyncLegacy
0x00007ff80f2bb000 	/System/Library/Frameworks/ApplicationServices.framework/Versions/A/Frameworks/SpeechSynthesis.framework/Versions/A/SpeechSynthesis
0x00007ff80e196000 	/System/Library/Frameworks/ApplicationServices.framework/Versions/A/Frameworks/ATSUI.framework/Versions/A/ATSUI
0x00007ff80f5e6000 	/usr/lib/libcups.2.dylib
0x00007ff80f9b5000 	/System/Library/Frameworks/Kerberos.framework/Versions/A/Kerberos
0x00007ff80f9c4000 	/System/Library/Frameworks/GSS.framework/Versions/A/GSS
0x00007ff80f337000 	/usr/lib/libresolv.9.dylib
0x00007ff80d6ef000 	/System/Library/PrivateFrameworks/Heimdal.framework/Versions/A/Heimdal
0x00007ff8165a8000 	/System/Library/Frameworks/Kerberos.framework/Versions/A/Libraries/libHeimdalProxy.dylib
0x00007ff807efb000 	/System/Library/Frameworks/Network.framework/Versions/A/Network
0x00007ff80d14a000 	/usr/lib/libheimdal-asn1.dylib
0x00007ff80fa0f000 	/System/Library/PrivateFrameworks/CommonAuth.framework/Versions/A/CommonAuth
0x00007ff80f23d000 	/System/Library/PrivateFrameworks/AudioSession.framework/Versions/A/AudioSession
0x00007ff80d1da000 	/System/Library/PrivateFrameworks/MediaExperience.framework/Versions/A/MediaExperience
0x00007ff80f0cf000 	/System/Library/PrivateFrameworks/AudioSession.framework/libSessionUtility.dylib
0x00007ff80f665000 	/System/Library/PrivateFrameworks/AudioResourceArbitration.framework/Versions/A/AudioResourceArbitration
0x00007ff8136e6000 	/System/Library/PrivateFrameworks/PowerLog.framework/Versions/A/PowerLog
0x00007ff80d153000 	/System/Library/PrivateFrameworks/IconFoundation.framework/Versions/A/IconFoundation
0x00007ff81249c000 	/System/Library/PrivateFrameworks/SpeechRecognitionCore.framework/Versions/A/SpeechRecognitionCore
0x0000000113129000 	/Users/ulisman/.sdkman/candidates/java/17.0.1-tem/lib/server/libjvm.dylib
0x000000010f9d2000 	/Users/ulisman/.sdkman/candidates/java/17.0.1-tem/lib/libjimage.dylib
0x000000010fa49000 	/Users/ulisman/.sdkman/candidates/java/17.0.1-tem/lib/libjava.dylib
0x000000010fca4000 	/Users/ulisman/.sdkman/candidates/java/17.0.1-tem/lib/libnio.dylib
0x000000010fcd3000 	/Users/ulisman/.sdkman/candidates/java/17.0.1-tem/lib/libnet.dylib
0x000000010fcb9000 	/Users/ulisman/.sdkman/candidates/java/17.0.1-tem/lib/libzip.dylib
0x000000010fc8f000 	/Users/ulisman/.sdkman/candidates/java/17.0.1-tem/lib/libmanagement.dylib
0x000000010fc99000 	/Users/ulisman/.sdkman/candidates/java/17.0.1-tem/lib/libmanagement_ext.dylib
0x000000010fcfd000 	/Users/ulisman/.openjfx/cache/16/libprism_es2.dylib
0x00007ff80403c000 	/System/Library/PrivateFrameworks/CoreServicesInternal.framework/Versions/A/CoreServicesInternal
0x00007ffa1a71d000 	/System/Library/Frameworks/OpenGL.framework/Versions/A/Resources/GLEngine.bundle/GLEngine
0x00007ffa1a583000 	/System/Library/Frameworks/OpenGL.framework/Versions/A/Libraries/libGLProgrammability.dylib
0x00007ffa12eef000 	/System/Library/Extensions/AppleIntelBDWGraphicsGLDriver.bundle/Contents/MacOS/AppleIntelBDWGraphicsGLDriver
0x00007ff911bea000 	/System/Library/PrivateFrameworks/GPUSupport.framework/Versions/A/Libraries/libGPUSupportMercury.dylib
0x00007ffa1a8a7000 	/System/Library/Frameworks/OpenGL.framework/Versions/A/Resources/GLRendererFloat.bundle/GLRendererFloat
0x0000000112dfb000 	/Users/ulisman/.openjfx/cache/16/libglass.dylib
0x00007ff813cd7000 	/System/Library/Frameworks/FileProvider.framework/Versions/A/FileProvider
0x00007ff807cde000 	/System/Library/Frameworks/Accounts.framework/Versions/A/Accounts
0x00007ff813e50000 	/System/Library/PrivateFrameworks/GenerationalStorage.framework/Versions/A/GenerationalStorage
0x00007ff814960000 	/System/Library/PrivateFrameworks/CoreSymbolication.framework/Versions/A/CoreSymbolication
0x00007ff8136db000 	/System/Library/PrivateFrameworks/SymptomDiagnosticReporter.framework/Versions/A/SymptomDiagnosticReporter
0x00007ff8052fd000 	/System/Library/PrivateFrameworks/DesktopServicesPriv.framework/Versions/A/DesktopServicesPriv
0x00007ff80417b000 	/usr/lib/libsandbox.1.dylib
0x00007ff809029000 	/System/Library/PrivateFrameworks/UserManagement.framework/Versions/A/UserManagement
0x00007ff814925000 	/System/Library/PrivateFrameworks/DebugSymbols.framework/Versions/A/DebugSymbols
0x00007ff80f646000 	/System/Library/PrivateFrameworks/NetAuth.framework/Versions/A/NetAuth
0x00007ff810555000 	/System/Library/PrivateFrameworks/Sharing.framework/Versions/A/Sharing
0x00007ff808ffc000 	/System/Library/PrivateFrameworks/login.framework/Versions/A/Frameworks/loginsupport.framework/Versions/A/loginsupport
0x00007ff815ac3000 	/System/Library/PrivateFrameworks/Apple80211.framework/Versions/A/Apple80211
0x00007ff80c202000 	/System/Library/PrivateFrameworks/AuthKit.framework/Versions/A/AuthKit
0x00007ff80b857000 	/System/Library/PrivateFrameworks/CoreUtils.framework/Versions/A/CoreUtils
0x00007ff80b77e000 	/System/Library/Frameworks/CoreWLAN.framework/Versions/A/CoreWLAN
0x00007ff8106b4000 	/System/Library/Frameworks/IOBluetooth.framework/Versions/A/IOBluetooth
0x00007ff815b2b000 	/System/Library/PrivateFrameworks/CoreWiFi.framework/Versions/A/CoreWiFi
0x00007ff8144fa000 	/System/Library/PrivateFrameworks/FrontBoardServices.framework/Versions/A/FrontBoardServices
0x00007ff81458b000 	/System/Library/PrivateFrameworks/BoardServices.framework/Versions/A/BoardServices
0x00007ff80ba66000 	/System/Library/PrivateFrameworks/AssertionServices.framework/Versions/A/AssertionServices
0x00007ff815cae000 	/System/Library/PrivateFrameworks/BackBoardServices.framework/Versions/A/BackBoardServices
0x00007ff80faa0000 	/System/Library/PrivateFrameworks/CorePhoneNumbers.framework/Versions/A/CorePhoneNumbers
0x00007ff80f364000 	/System/Library/PrivateFrameworks/MultiverseSupport.framework/Versions/A/MultiverseSupport
0x00007ff815f21000 	/System/Library/PrivateFrameworks/RemoteServiceDiscovery.framework/Versions/A/RemoteServiceDiscovery
0x00007ff8137f8000 	/System/Library/PrivateFrameworks/DiskManagement.framework/Versions/A/DiskManagement
0x00007ff81370c000 	/System/Library/PrivateFrameworks/AppleIDAuthSupport.framework/Versions/A/AppleIDAuthSupport
0x00007ffb01e47000 	/System/Library/PrivateFrameworks/AAAFoundation.framework/Versions/A/AAAFoundation
0x00007ff80fa81000 	/System/Library/PrivateFrameworks/KeychainCircle.framework/Versions/A/KeychainCircle
0x00007ff815f31000 	/System/Library/PrivateFrameworks/RemoteXPC.framework/Versions/A/RemoteXPC
0x00007ff8137c4000 	/System/Library/PrivateFrameworks/MediaKit.framework/Versions/A/MediaKit
0x00007ff813718000 	/System/Library/Frameworks/DiscRecording.framework/Versions/A/DiscRecording
0x00007ff80d058000 	/usr/lib/libCoreStorage.dylib
0x00007ff815f9c000 	/usr/lib/libcsfde.dylib
0x00007ff810781000 	/System/Library/PrivateFrameworks/ProtectedCloudStorage.framework/Versions/A/ProtectedCloudStorage
0x00007ff815f98000 	/System/Library/PrivateFrameworks/EFILogin.framework/Versions/A/EFILogin
0x00007ff813e76000 	/System/Library/PrivateFrameworks/OctagonTrust.framework/Versions/A/OctagonTrust
0x00007ffb0672f000 	/System/Library/PrivateFrameworks/CoreUtilsExtras.framework/Versions/A/CoreUtilsExtras
0x00007ff81363f000 	/System/Library/Frameworks/CoreBluetooth.framework/Versions/A/CoreBluetooth
0x00007ff81662d000 	/System/Library/Frameworks/AudioUnit.framework/Versions/A/AudioUnit
0x00007ff80d050000 	/usr/lib/libMatch.1.dylib
0x00007ff90c073000 	/System/Library/Frameworks/Accelerate.framework/Versions/A/Frameworks/vImage.framework/Versions/A/Libraries/libCGInterfaces.dylib
0x0000000112fce000 	/usr/lib/libobjc-trampolines.dylib
0x00007ff808d21000 	/System/Library/PrivateFrameworks/ViewBridge.framework/Versions/A/ViewBridge
0x0000000133fcd000 	/Users/ulisman/.openjfx/cache/16/libjavafx_font.dylib
0x00007ff80d7a6000 	/System/Library/PrivateFrameworks/login.framework/Versions/A/login
0x00007ff907823000 	/System/Library/PrivateFrameworks/HIDAnalytics.framework/Versions/A/HIDAnalytics


VM Arguments:
jvm_args: --add-opens=calc.ui/ui=ALL-UNNAMED --add-exports=javafx.graphics/com.sun.javafx.application=ALL-UNNAMED --module-path=/Users/ulisman/Desktop/ITP/main/gr2224/discogolf/ui/target/classes:/Users/ulisman/Desktop/ITP/main/gr2224/discogolf/core/target/classes:/Users/ulisman/.m2/repository/com/fasterxml/jackson/core/jackson-core/2.14.0-rc1/jackson-core-2.14.0-rc1.jar:/Users/ulisman/.m2/repository/com/fasterxml/jackson/core/jackson-databind/2.14.0-rc1/jackson-databind-2.14.0-rc1.jar:/Users/ulisman/.m2/repository/com/fasterxml/jackson/core/jackson-annotations/2.14.0-rc1/jackson-annotations-2.14.0-rc1.jar:/Users/ulisman/Desktop/ITP/main/gr2224/discogolf/fxutil/target/classes:/Users/ulisman/.m2/repository/org/openjfx/javafx-controls/16/javafx-controls-16-mac.jar:/Users/ulisman/.m2/repository/org/openjfx/javafx-graphics/16/javafx-graphics-16-mac.jar:/Users/ulisman/.m2/repository/org/openjfx/javafx-base/16/javafx-base-16-mac.jar:/Users/ulisman/.m2/repository/org/openjfx/javafx-fxml/16/javafx-fxml-16-mac.jar --patch-module=calc.ui=/Users/ulisman/Desktop/ITP/main/gr2224/discogolf/ui/target/test-classes --add-exports=calc.ui/ui=ALL-UNNAMED --add-modules=calc.ui --add-reads=calc.ui=ALL-UNNAMED 
java_command: org.apache.maven.surefire.booter.ForkedBooter /Users/ulisman/Desktop/ITP/main/gr2224/discogolf/ui/target/surefire 2022-10-13T15-30-54_942-jvmRun1 surefire6231850143447089076tmp surefire_11752542459335648875tmp
java_class_path (initial): /Users/ulisman/.m2/repository/org/apache/maven/surefire/surefire-booter/3.0.0-M5/surefire-booter-3.0.0-M5.jar:/Users/ulisman/.m2/repository/org/apache/maven/surefire/surefire-api/3.0.0-M5/surefire-api-3.0.0-M5.jar:/Users/ulisman/.m2/repository/org/apache/maven/surefire/surefire-logger-api/3.0.0-M5/surefire-logger-api-3.0.0-M5.jar:/Users/ulisman/.m2/repository/org/apache/maven/surefire/surefire-shared-utils/3.0.0-M4/surefire-shared-utils-3.0.0-M4.jar:/Users/ulisman/.m2/repository/org/apache/maven/surefire/surefire-extensions-spi/3.0.0-M5/surefire-extensions-spi-3.0.0-M5.jar:/Users/ulisman/Desktop/ITP/main/gr2224/discogolf/ui/target/test-classes:/Users/ulisman/.m2/repository/org/json/json/20180130/json-20180130.jar:/Users/ulisman/.m2/repository/com/googlecode/json-simple/json-simple/1.1.1/json-simple-1.1.1.jar:/Users/ulisman/.m2/repository/junit/junit/4.10/junit-4.10.jar:/Users/ulisman/.m2/repository/org/openjfx/javafx-controls/16/javafx-controls-16.jar:/Users/ulisman/.m2/repository/org/openjfx/javafx-graphics/16/javafx-graphics-16.jar:/Users/ulisman/.m2/repository/org/openjfx/javafx-base/16/javafx-base-16.jar:/Users/ulisman/.m2/repository/org/openjfx/javafx-fxml/16/javafx-fxml-16.jar:/Users/ulisman/.m2/repository/org/junit/jupiter/junit-jupiter-api/5.7.2/junit-jupiter-api-5.7.2.jar:/Users/ulisman/.m2/repository/org/apiguardian/apiguardian-api/1.1.0/apiguardian-api-1.1.0.jar:/Users/ulisman/.m2/repository/org/opentest4j/opentest4j/1.2.0/opentest4j-1.2.0.jar:/Users/ulisman/.m2/repository/org/junit/platform/junit-platform-commons/1.7.2/junit-platform-commons-1.7.2.jar:/Users/ulisman/.m2/repository/org/junit/jupiter/junit-jupiter-engine/5.7.2/junit-jupiter-engine-5.7.2.jar:/Users/ulisman/.m2/repository/org/junit/platform/junit-platform-engine/1.7.2/junit-platform-engine-1.7.2.jar:/Users/ulisman/.m2/repository/org/junit/jupiter/junit-jupiter-params/5.7.2/junit-jupiter-params-5.7.2.jar:/Users/ulisman/.m2/repository/org/testfx/testfx-core/4.0.16-
Launcher Type: SUN_STANDARD

[Global flags]
     intx CICompilerCount                          = 3                                         {product} {ergonomic}
     uint ConcGCThreads                            = 1                                         {product} {ergonomic}
     uint G1ConcRefinementThreads                  = 4                                         {product} {ergonomic}
   size_t G1HeapRegionSize                         = 1048576                                   {product} {ergonomic}
    uintx GCDrainStackTargetSize                   = 64                                        {product} {ergonomic}
   size_t InitialHeapSize                          = 134217728                                 {product} {ergonomic}
   size_t MarkStackSize                            = 4194304                                   {product} {ergonomic}
   size_t MaxHeapSize                              = 2147483648                                {product} {ergonomic}
   size_t MaxNewSize                               = 1287651328                                {product} {ergonomic}
   size_t MinHeapDeltaBytes                        = 1048576                                   {product} {ergonomic}
   size_t MinHeapSize                              = 8388608                                   {product} {ergonomic}
    uintx NonNMethodCodeHeapSize                   = 5832780                                {pd product} {ergonomic}
    uintx NonProfiledCodeHeapSize                  = 122912730                              {pd product} {ergonomic}
    uintx ProfiledCodeHeapSize                     = 122912730                              {pd product} {ergonomic}
    uintx ReservedCodeCacheSize                    = 251658240                              {pd product} {ergonomic}
     bool SegmentedCodeCache                       = true                                      {product} {ergonomic}
   size_t SoftMaxHeapSize                          = 2147483648                             {manageable} {ergonomic}
     bool UseCompressedClassPointers               = true                           {product lp64_product} {ergonomic}
     bool UseCompressedOops                        = true                           {product lp64_product} {ergonomic}
     bool UseG1GC                                  = true                                      {product} {ergonomic}
     bool UseNUMA                                  = false                                     {product} {ergonomic}
     bool UseNUMAInterleaving                      = false                                     {product} {ergonomic}

Logging:
Log output configuration:
 #0: stdout all=warning uptime,level,tags
 #1: stderr all=off uptime,level,tags

Environment Variables:
JAVA_HOME=/Users/ulisman/.sdkman/candidates/java/current
PATH=/Library/Frameworks/Python.framework/Versions/3.7/bin:/Library/Frameworks/Python.framework/Versions/3.9/bin:/usr/local/bin:/usr/bin:/bin:/usr/sbin:/sbin:/Users/ulisman/.sdkman/candidates/maven/current/bin:/Users/ulisman/.sdkman/candidates/java/current/bin:/Library/Frameworks/Python.framework/Versions/3.7/bin:/Library/Frameworks/Python.framework/Versions/3.9/bin:/Users/ulisman/opt/anaconda3/bin:/Users/ulisman/opt/anaconda3/condabin:/usr/local/mysql/bin:/usr/local/mysql/bin/
SHELL=/bin/bash
LANG=en_GB.UTF-8

Signal Handlers:
   SIGSEGV: _ZL13crash_handleriP9__siginfoPv in libjvm.dylib, mask=11100110000111110111111111111111, flags=SA_RESTART|SA_SIGINFO
    SIGBUS: _ZL13crash_handleriP9__siginfoPv in libjvm.dylib, mask=11100110000111110111111111111111, flags=SA_RESTART|SA_SIGINFO
    SIGFPE: _ZL13crash_handleriP9__siginfoPv in libjvm.dylib, mask=11100110000111110111111111111111, flags=SA_RESTART|SA_SIGINFO
   SIGPIPE: _ZL17javaSignalHandleriP9__siginfoPv in libjvm.dylib, mask=11100110000111110111111111111111, flags=SA_RESTART|SA_SIGINFO
   SIGXFSZ: _ZL17javaSignalHandleriP9__siginfoPv in libjvm.dylib, mask=11100110000111110111111111111111, flags=SA_RESTART|SA_SIGINFO
    SIGILL: _ZL13crash_handleriP9__siginfoPv in libjvm.dylib, mask=11100110000111110111111111111111, flags=SA_RESTART|SA_SIGINFO
   SIGUSR2: _ZL10SR_handleriP9__siginfoP17__darwin_ucontext in libjvm.dylib, mask=00100000000000000000000000000000, flags=SA_RESTART|SA_SIGINFO
    SIGHUP: _ZL11UserHandleriPvS_ in libjvm.dylib, mask=11100110000111110111111111111111, flags=SA_RESTART|SA_SIGINFO
    SIGINT: _ZL11UserHandleriPvS_ in libjvm.dylib, mask=11100110000111110111111111111111, flags=SA_RESTART|SA_SIGINFO
   SIGTERM: _ZL11UserHandleriPvS_ in libjvm.dylib, mask=11100110000111110111111111111111, flags=SA_RESTART|SA_SIGINFO
   SIGQUIT: _ZL11UserHandleriPvS_ in libjvm.dylib, mask=11100110000111110111111111111111, flags=SA_RESTART|SA_SIGINFO
   SIGTRAP: _ZL13crash_handleriP9__siginfoPv in libjvm.dylib, mask=11100110000111110111111111111111, flags=SA_RESTART|SA_SIGINFO


---------------  S Y S T E M  ---------------

OS:
uname: Darwin 21.6.0 Darwin Kernel Version 21.6.0: Wed Aug 10 14:25:27 PDT 2022; root:xnu-8020.141.5~2/RELEASE_X86_64 x86_64
OS uptime: 11 days 20:04 hours
rlimit (soft/hard): STACK 8192k/65532k , CORE 0k/infinity , NPROC 1392/2088 , NOFILE 10240/infinity , AS infinity/infinity , CPU infinity/infinity , DATA infinity/infinity , FSIZE infinity/infinity , MEMLOCK infinity/infinity , RSS infinity/infinity
load average: 12.97 6.83 7.11

CPU: total 4 (initial active 4) (2 cores per cpu, 2 threads per core) family 6 model 61 stepping 4 microcode 0x2f, cx8, cmov, fxsr, ht, mmx, 3dnowpref, sse, sse2, sse3, ssse3, sse4.1, sse4.2, popcnt, lzcnt, tsc, tscinvbit, avx, avx2, aes, erms, clmul, bmi1, bmi2, rtm, adx, fma, vzeroupper, clflush

Memory: 4k page, physical 8388608k(33720k free), swap 4194304k(294656k free)

vm_info: OpenJDK 64-Bit Server VM (17.0.1+12) for bsd-amd64 JRE (17.0.1+12), built on Oct 20 2021 13:44:50 by "jenkins" with clang 4.2.1 Compatible Apple LLVM 10.0.1 (clang-1001.0.46.4)

END.
